<?xml version="1.0" encoding="UTF-8"?>
<!-- Generated by org.testng.reporters.JUnitReportReporter -->
<testsuite hostname="eto001" failures="0" tests="2" name="objectos.asciidoc.PreambleTest" time="0.034" errors="0" timestamp="2023-08-18T13:50:07 BRT" skipped="0">
  <testcase classname="objectos.asciidoc.PreambleTest" name="testCase01" time="0.002"/>
  <system-out/>
  <testcase classname="objectos.asciidoc.PreambleTest" name="testCase01" time="0.032"/>
  <system-out/>
</testsuite> <!-- objectos.asciidoc.PreambleTest -->
