<?xml version="1.0" encoding="UTF-8"?>
<!-- Generated by org.testng.reporters.JUnitReportReporter -->
<testsuite hostname="eto001" failures="0" tests="8" name="objectos.asciidoc.ConstrainedItalicTest" time="0.035" errors="0" timestamp="2023-08-18T13:50:07 BRT" skipped="0">
  <testcase classname="objectos.asciidoc.ConstrainedItalicTest" name="testCase03" time="0.007"/>
  <system-out/>
  <testcase classname="objectos.asciidoc.ConstrainedItalicTest" name="testCase03" time="0.000"/>
  <system-out/>
  <testcase classname="objectos.asciidoc.ConstrainedItalicTest" name="testCase04" time="0.007"/>
  <system-out/>
  <testcase classname="objectos.asciidoc.ConstrainedItalicTest" name="testCase01" time="0.000"/>
  <system-out/>
  <testcase classname="objectos.asciidoc.ConstrainedItalicTest" name="testCase02" time="0.012"/>
  <system-out/>
  <testcase classname="objectos.asciidoc.ConstrainedItalicTest" name="testCase01" time="0.008"/>
  <system-out/>
  <testcase classname="objectos.asciidoc.ConstrainedItalicTest" name="testCase04" time="0.000"/>
  <system-out/>
  <testcase classname="objectos.asciidoc.ConstrainedItalicTest" name="testCase02" time="0.001"/>
  <system-out/>
</testsuite> <!-- objectos.asciidoc.ConstrainedItalicTest -->
