<?xml version="1.0" encoding="UTF-8"?>
<!-- Generated by org.testng.reporters.JUnitReportReporter -->
<testsuite hostname="eto001" failures="0" tests="18" name="objectos.asciidoc.InlineMacroTest" time="0.096" errors="0" timestamp="2023-08-18T13:50:07 BRT" skipped="0">
  <testcase classname="objectos.asciidoc.InlineMacroTest" name="testCase04" time="0.000"/>
  <system-out/>
  <testcase classname="objectos.asciidoc.InlineMacroTest" name="testCase07" time="0.000"/>
  <system-out/>
  <testcase classname="objectos.asciidoc.InlineMacroTest" name="testCase01" time="0.000"/>
  <system-out/>
  <testcase classname="objectos.asciidoc.InlineMacroTest" name="testCase09" time="0.006"/>
  <system-out/>
  <testcase classname="objectos.asciidoc.InlineMacroTest" name="testCase02" time="0.001"/>
  <system-out/>
  <testcase classname="objectos.asciidoc.InlineMacroTest" name="testCase03" time="0.011"/>
  <system-out/>
  <testcase classname="objectos.asciidoc.InlineMacroTest" name="testCase05" time="0.006"/>
  <system-out/>
  <testcase classname="objectos.asciidoc.InlineMacroTest" name="testCase05" time="0.000"/>
  <system-out/>
  <testcase classname="objectos.asciidoc.InlineMacroTest" name="testCase06" time="0.000"/>
  <system-out/>
  <testcase classname="objectos.asciidoc.InlineMacroTest" name="testCase06" time="0.007"/>
  <system-out/>
  <testcase classname="objectos.asciidoc.InlineMacroTest" name="testCase02" time="0.011"/>
  <system-out/>
  <testcase classname="objectos.asciidoc.InlineMacroTest" name="testCase08" time="0.029"/>
  <system-out/>
  <testcase classname="objectos.asciidoc.InlineMacroTest" name="testCase03" time="0.000"/>
  <system-out/>
  <testcase classname="objectos.asciidoc.InlineMacroTest" name="testCase01" time="0.012"/>
  <system-out/>
  <testcase classname="objectos.asciidoc.InlineMacroTest" name="testCase04" time="0.006"/>
  <system-out/>
  <testcase classname="objectos.asciidoc.InlineMacroTest" name="testCase09" time="0.000"/>
  <system-out/>
  <testcase classname="objectos.asciidoc.InlineMacroTest" name="testCase08" time="0.001"/>
  <system-out/>
  <testcase classname="objectos.asciidoc.InlineMacroTest" name="testCase07" time="0.006"/>
  <system-out/>
</testsuite> <!-- objectos.asciidoc.InlineMacroTest -->
