<?xml version="1.0" encoding="UTF-8"?>
<!-- Generated by org.testng.reporters.JUnitReportReporter -->
<testsuite hostname="eto001" failures="0" tests="2" name="objectos.asciidoc.AttributeListTest" time="0.008" errors="0" timestamp="2023-08-18T13:50:07 BRT" skipped="0">
  <testcase classname="objectos.asciidoc.AttributeListTest" name="testCase01" time="0.007"/>
  <system-out/>
  <testcase classname="objectos.asciidoc.AttributeListTest" name="testCase01" time="0.001"/>
  <system-out/>
</testsuite> <!-- objectos.asciidoc.AttributeListTest -->
