<?xml version="1.0" encoding="UTF-8"?>
<!-- Generated by org.testng.reporters.JUnitReportReporter -->
<testsuite hostname="eto001" failures="0" tests="14" name="objectos.asciidoc.SourceCodeBlockTest" time="0.096" errors="0" timestamp="2023-08-18T13:50:07 BRT" skipped="0">
  <testcase classname="objectos.asciidoc.SourceCodeBlockTest" name="testCase04" time="0.007"/>
  <system-out/>
  <testcase classname="objectos.asciidoc.SourceCodeBlockTest" name="testCase05" time="0.016"/>
  <system-out/>
  <testcase classname="objectos.asciidoc.SourceCodeBlockTest" name="testCase06" time="0.001"/>
  <system-out/>
  <testcase classname="objectos.asciidoc.SourceCodeBlockTest" name="testCase07" time="0.012"/>
  <system-out/>
  <testcase classname="objectos.asciidoc.SourceCodeBlockTest" name="testCase01" time="0.002"/>
  <system-out/>
  <testcase classname="objectos.asciidoc.SourceCodeBlockTest" name="testCase01" time="0.026"/>
  <system-out/>
  <testcase classname="objectos.asciidoc.SourceCodeBlockTest" name="testCase05" time="0.000"/>
  <system-out/>
  <testcase classname="objectos.asciidoc.SourceCodeBlockTest" name="testCase03" time="0.000"/>
  <system-out/>
  <testcase classname="objectos.asciidoc.SourceCodeBlockTest" name="testCase06" time="0.010"/>
  <system-out/>
  <testcase classname="objectos.asciidoc.SourceCodeBlockTest" name="testCase04" time="0.000"/>
  <system-out/>
  <testcase classname="objectos.asciidoc.SourceCodeBlockTest" name="testCase03" time="0.010"/>
  <system-out/>
  <testcase classname="objectos.asciidoc.SourceCodeBlockTest" name="testCase02" time="0.001"/>
  <system-out/>
  <testcase classname="objectos.asciidoc.SourceCodeBlockTest" name="testCase02" time="0.010"/>
  <system-out/>
  <testcase classname="objectos.asciidoc.SourceCodeBlockTest" name="testCase07" time="0.001"/>
  <system-out/>
</testsuite> <!-- objectos.asciidoc.SourceCodeBlockTest -->
