<?xml version="1.0" encoding="UTF-8"?>
<!-- Generated by org.testng.reporters.JUnitReportReporter -->
<testsuite hostname="eto001" failures="0" tests="6" name="objectos.asciidoc.UrlMacroTest" time="0.023" errors="0" timestamp="2023-08-18T13:50:07 BRT" skipped="0">
  <testcase classname="objectos.asciidoc.UrlMacroTest" name="testCase01" time="0.009"/>
  <system-out/>
  <testcase classname="objectos.asciidoc.UrlMacroTest" name="testCase02" time="0.007"/>
  <system-out/>
  <testcase classname="objectos.asciidoc.UrlMacroTest" name="testCase03" time="0.006"/>
  <system-out/>
  <testcase classname="objectos.asciidoc.UrlMacroTest" name="testCase02" time="0.000"/>
  <system-out/>
  <testcase classname="objectos.asciidoc.UrlMacroTest" name="testCase03" time="0.000"/>
  <system-out/>
  <testcase classname="objectos.asciidoc.UrlMacroTest" name="testCase01" time="0.001"/>
  <system-out/>
</testsuite> <!-- objectos.asciidoc.UrlMacroTest -->
