<?xml version="1.0" encoding="UTF-8"?>
<!-- Generated by org.testng.reporters.JUnitReportReporter -->
<testsuite hostname="eto001" failures="0" tests="30" name="objectos.asciidoc.UnorderedListTest" time="0.203" errors="0" timestamp="2023-08-18T13:50:07 BRT" skipped="0">
  <testcase classname="objectos.asciidoc.UnorderedListTest" name="testCase02" time="0.000"/>
  <system-out/>
  <testcase classname="objectos.asciidoc.UnorderedListTest" name="testCase07" time="0.001"/>
  <system-out/>
  <testcase classname="objectos.asciidoc.UnorderedListTest" name="testCase10" time="0.027"/>
  <system-out/>
  <testcase classname="objectos.asciidoc.UnorderedListTest" name="testCase14" time="0.011"/>
  <system-out/>
  <testcase classname="objectos.asciidoc.UnorderedListTest" name="testCase01" time="0.008"/>
  <system-out/>
  <testcase classname="objectos.asciidoc.UnorderedListTest" name="testCase13" time="0.010"/>
  <system-out/>
  <testcase classname="objectos.asciidoc.UnorderedListTest" name="testCase10" time="0.001"/>
  <system-out/>
  <testcase classname="objectos.asciidoc.UnorderedListTest" name="testCase11" time="0.001"/>
  <system-out/>
  <testcase classname="objectos.asciidoc.UnorderedListTest" name="testCase14" time="0.000"/>
  <system-out/>
  <testcase classname="objectos.asciidoc.UnorderedListTest" name="testCase15" time="0.015"/>
  <system-out/>
  <testcase classname="objectos.asciidoc.UnorderedListTest" name="testCase03" time="0.000"/>
  <system-out/>
  <testcase classname="objectos.asciidoc.UnorderedListTest" name="testCase01" time="0.000"/>
  <system-out/>
  <testcase classname="objectos.asciidoc.UnorderedListTest" name="testCase06" time="0.000"/>
  <system-out/>
  <testcase classname="objectos.asciidoc.UnorderedListTest" name="testCase04" time="0.007"/>
  <system-out/>
  <testcase classname="objectos.asciidoc.UnorderedListTest" name="testCase08" time="0.001"/>
  <system-out/>
  <testcase classname="objectos.asciidoc.UnorderedListTest" name="testCase07" time="0.006"/>
  <system-out/>
  <testcase classname="objectos.asciidoc.UnorderedListTest" name="testCase12" time="0.012"/>
  <system-out/>
  <testcase classname="objectos.asciidoc.UnorderedListTest" name="testCase09" time="0.005"/>
  <system-out/>
  <testcase classname="objectos.asciidoc.UnorderedListTest" name="testCase05" time="0.000"/>
  <system-out/>
  <testcase classname="objectos.asciidoc.UnorderedListTest" name="testCase12" time="0.000"/>
  <system-out/>
  <testcase classname="objectos.asciidoc.UnorderedListTest" name="testCase05" time="0.007"/>
  <system-out/>
  <testcase classname="objectos.asciidoc.UnorderedListTest" name="testCase13" time="0.000"/>
  <system-out/>
  <testcase classname="objectos.asciidoc.UnorderedListTest" name="testCase06" time="0.008"/>
  <system-out/>
  <testcase classname="objectos.asciidoc.UnorderedListTest" name="testCase02" time="0.014"/>
  <system-out/>
  <testcase classname="objectos.asciidoc.UnorderedListTest" name="testCase08" time="0.039"/>
  <system-out/>
  <testcase classname="objectos.asciidoc.UnorderedListTest" name="testCase03" time="0.006"/>
  <system-out/>
  <testcase classname="objectos.asciidoc.UnorderedListTest" name="testCase15" time="0.001"/>
  <system-out/>
  <testcase classname="objectos.asciidoc.UnorderedListTest" name="testCase11" time="0.011"/>
  <system-out/>
  <testcase classname="objectos.asciidoc.UnorderedListTest" name="testCase04" time="0.000"/>
  <system-out/>
  <testcase classname="objectos.asciidoc.UnorderedListTest" name="testCase09" time="0.012"/>
  <system-out/>
</testsuite> <!-- objectos.asciidoc.UnorderedListTest -->
