<?xml version="1.0" encoding="UTF-8"?>
<!-- Generated by org.testng.reporters.JUnitReportReporter -->
<testsuite hostname="eto001" failures="0" tests="16" name="objectos.asciidoc.ConstrainedMonospaceTest" time="0.105" errors="0" timestamp="2023-08-18T13:50:07 BRT" skipped="0">
  <testcase classname="objectos.asciidoc.ConstrainedMonospaceTest" name="testCase05" time="0.001"/>
  <system-out/>
  <testcase classname="objectos.asciidoc.ConstrainedMonospaceTest" name="testCase01" time="0.002"/>
  <system-out/>
  <testcase classname="objectos.asciidoc.ConstrainedMonospaceTest" name="testCase01" time="0.014"/>
  <system-out/>
  <testcase classname="objectos.asciidoc.ConstrainedMonospaceTest" name="testCase07" time="0.016"/>
  <system-out/>
  <testcase classname="objectos.asciidoc.ConstrainedMonospaceTest" name="testCase04" time="0.000"/>
  <system-out/>
  <testcase classname="objectos.asciidoc.ConstrainedMonospaceTest" name="testCase06" time="0.009"/>
  <system-out/>
  <testcase classname="objectos.asciidoc.ConstrainedMonospaceTest" name="testCase02" time="0.001"/>
  <system-out/>
  <testcase classname="objectos.asciidoc.ConstrainedMonospaceTest" name="testCase08" time="0.000"/>
  <system-out/>
  <testcase classname="objectos.asciidoc.ConstrainedMonospaceTest" name="testCase04" time="0.009"/>
  <system-out/>
  <testcase classname="objectos.asciidoc.ConstrainedMonospaceTest" name="testCase05" time="0.011"/>
  <system-out/>
  <testcase classname="objectos.asciidoc.ConstrainedMonospaceTest" name="testCase03" time="0.001"/>
  <system-out/>
  <testcase classname="objectos.asciidoc.ConstrainedMonospaceTest" name="testCase07" time="0.000"/>
  <system-out/>
  <testcase classname="objectos.asciidoc.ConstrainedMonospaceTest" name="testCase06" time="0.001"/>
  <system-out/>
  <testcase classname="objectos.asciidoc.ConstrainedMonospaceTest" name="testCase08" time="0.025"/>
  <system-out/>
  <testcase classname="objectos.asciidoc.ConstrainedMonospaceTest" name="testCase03" time="0.008"/>
  <system-out/>
  <testcase classname="objectos.asciidoc.ConstrainedMonospaceTest" name="testCase02" time="0.007"/>
  <system-out/>
</testsuite> <!-- objectos.asciidoc.ConstrainedMonospaceTest -->
