<?xml version="1.0" encoding="UTF-8"?>
<!-- Generated by org.testng.reporters.JUnitReportReporter -->
<testsuite hostname="eto001" failures="0" tests="12" name="objectos.asciidoc.DocumentTest" time="0.211" errors="0" timestamp="2023-08-18T13:50:07 BRT" skipped="0">
  <testcase classname="objectos.asciidoc.DocumentTest" name="testCase05" time="0.001"/>
  <system-out/>
  <testcase classname="objectos.asciidoc.DocumentTest" name="testCase04" time="0.036"/>
  <system-out/>
  <testcase classname="objectos.asciidoc.DocumentTest" name="testCase03" time="0.018"/>
  <system-out/>
  <testcase classname="objectos.asciidoc.DocumentTest" name="testCase03" time="0.001"/>
  <system-out/>
  <testcase classname="objectos.asciidoc.DocumentTest" name="testCase02" time="0.001"/>
  <system-out/>
  <testcase classname="objectos.asciidoc.DocumentTest" name="testCase05" time="0.019"/>
  <system-out/>
  <testcase classname="objectos.asciidoc.DocumentTest" name="testCase06" time="0.013"/>
  <system-out/>
  <testcase classname="objectos.asciidoc.DocumentTest" name="testCase01" time="0.100"/>
  <system-out/>
  <testcase classname="objectos.asciidoc.DocumentTest" name="testCase01" time="0.014"/>
  <system-out/>
  <testcase classname="objectos.asciidoc.DocumentTest" name="testCase02" time="0.006"/>
  <system-out/>
  <testcase classname="objectos.asciidoc.DocumentTest" name="testCase06" time="0.001"/>
  <system-out/>
  <testcase classname="objectos.asciidoc.DocumentTest" name="testCase04" time="0.001"/>
  <system-out/>
</testsuite> <!-- objectos.asciidoc.DocumentTest -->
