<?xml version="1.0" encoding="UTF-8"?>
<!-- Generated by org.testng.reporters.JUnitReportReporter -->
<testsuite hostname="eto001" failures="0" tests="22" name="objectos.asciidoc.SectionTest" time="0.281" errors="0" timestamp="2023-08-18T13:50:07 BRT" skipped="0">
  <testcase classname="objectos.asciidoc.SectionTest" name="testCase09" time="0.001"/>
  <system-out/>
  <testcase classname="objectos.asciidoc.SectionTest" name="testCase08" time="0.014"/>
  <system-out/>
  <testcase classname="objectos.asciidoc.SectionTest" name="testCase10" time="0.010"/>
  <system-out/>
  <testcase classname="objectos.asciidoc.SectionTest" name="testCase02" time="0.001"/>
  <system-out/>
  <testcase classname="objectos.asciidoc.SectionTest" name="testCase08" time="0.001"/>
  <system-out/>
  <testcase classname="objectos.asciidoc.SectionTest" name="testCase03" time="0.010"/>
  <system-out/>
  <testcase classname="objectos.asciidoc.SectionTest" name="testCase10" time="0.000"/>
  <system-out/>
  <testcase classname="objectos.asciidoc.SectionTest" name="testCase01" time="0.001"/>
  <system-out/>
  <testcase classname="objectos.asciidoc.SectionTest" name="testCase06" time="0.036"/>
  <system-out/>
  <testcase classname="objectos.asciidoc.SectionTest" name="testCase04" time="0.001"/>
  <system-out/>
  <testcase classname="objectos.asciidoc.SectionTest" name="testCase11" time="0.018"/>
  <system-out/>
  <testcase classname="objectos.asciidoc.SectionTest" name="testCase07" time="0.001"/>
  <system-out/>
  <testcase classname="objectos.asciidoc.SectionTest" name="testCase07" time="0.021"/>
  <system-out/>
  <testcase classname="objectos.asciidoc.SectionTest" name="testCase05" time="0.011"/>
  <system-out/>
  <testcase classname="objectos.asciidoc.SectionTest" name="testCase02" time="0.031"/>
  <system-out/>
  <testcase classname="objectos.asciidoc.SectionTest" name="testCase11" time="0.002"/>
  <system-out/>
  <testcase classname="objectos.asciidoc.SectionTest" name="testCase03" time="0.001"/>
  <system-out/>
  <testcase classname="objectos.asciidoc.SectionTest" name="testCase05" time="0.001"/>
  <system-out/>
  <testcase classname="objectos.asciidoc.SectionTest" name="testCase09" time="0.012"/>
  <system-out/>
  <testcase classname="objectos.asciidoc.SectionTest" name="testCase04" time="0.016"/>
  <system-out/>
  <testcase classname="objectos.asciidoc.SectionTest" name="testCase06" time="0.001"/>
  <system-out/>
  <testcase classname="objectos.asciidoc.SectionTest" name="testCase01" time="0.091"/>
  <system-out/>
</testsuite> <!-- objectos.asciidoc.SectionTest -->
