<?xml version="1.0" encoding="UTF-8"?>
<!-- Generated by org.testng.reporters.JUnitReportReporter -->
<testsuite hostname="eto001" failures="0" tests="2" name="objectos.css.type.ColorHexTest" time="0.001" errors="0" timestamp="2023-08-18T13:50:52 BRT" skipped="0">
  <testcase classname="objectos.css.type.ColorHexTest" name="of" time="0.000"/>
  <system-out/>
  <testcase classname="objectos.css.type.ColorHexTest" name="getMinifiedHexString" time="0.001"/>
  <system-out/>
</testsuite> <!-- objectos.css.type.ColorHexTest -->
