<?xml version="1.0" encoding="UTF-8"?>
<!-- Generated by org.testng.reporters.JUnitReportReporter -->
<testsuite hostname="eto001" failures="0" tests="2" name="objectos.css.select.AdjacentSiblingSelectorTest" time="0.000" errors="0" timestamp="2023-08-18T13:50:52 BRT" skipped="1">
  <testcase classname="objectos.css.select.AdjacentSiblingSelectorTest" name="toStringTest" time="0.000"/>
  <system-out/>
  <testcase classname="objectos.css.select.AdjacentSiblingSelectorTest" name="matches">
    <skipped/>
  </testcase> <!-- matches -->
  <system-out/>
</testsuite> <!-- objectos.css.select.AdjacentSiblingSelectorTest -->
