<?xml version="1.0" encoding="UTF-8"?>
<!-- Generated by org.testng.reporters.JUnitReportReporter -->
<testsuite hostname="eto001" failures="0" tests="1" name="objectos.css.util.NextTest" time="0.018" errors="0" timestamp="2023-08-18T13:50:52 BRT" skipped="0">
  <testcase classname="objectos.css.util.NextTest" name="test" time="0.018"/>
  <system-out/>
</testsuite> <!-- objectos.css.util.NextTest -->
