<?xml version="1.0" encoding="UTF-8"?>
<!-- Generated by org.testng.reporters.JUnitReportReporter -->
<testsuite hostname="eto001" failures="0" tests="1" name="objectos.css.PreflightTest" time="0.002" errors="0" timestamp="2023-08-18T13:50:52 BRT" skipped="0">
  <testcase classname="objectos.css.PreflightTest" name="test" time="0.002"/>
  <system-out/>
</testsuite> <!-- objectos.css.PreflightTest -->
