<?xml version="1.0" encoding="UTF-8"?>
<!-- Generated by org.testng.reporters.JUnitReportReporter -->
<testsuite hostname="eto001" failures="0" tests="2" name="objectos.css.select.UniversalSelectorTest" time="0.002" errors="0" timestamp="2023-08-18T13:50:52 BRT" skipped="0">
  <testcase classname="objectos.css.select.UniversalSelectorTest" name="toStringTest" time="0.001"/>
  <system-out/>
  <testcase classname="objectos.css.select.UniversalSelectorTest" name="builder" time="0.001"/>
  <system-out/>
</testsuite> <!-- objectos.css.select.UniversalSelectorTest -->
