<?xml version="1.0" encoding="UTF-8"?>
<!-- Generated by org.testng.reporters.JUnitReportReporter -->
<testsuite hostname="eto001" failures="0" tests="4" name="objectos.css.select.AttributeSelectorTest" time="0.003" errors="0" timestamp="2023-08-18T13:50:52 BRT" skipped="0">
  <testcase classname="objectos.css.select.AttributeSelectorTest" name="matches_EQUALS" time="0.001"/>
  <system-out/>
  <testcase classname="objectos.css.select.AttributeSelectorTest" name="toStringTest" time="0.000"/>
  <system-out/>
  <testcase classname="objectos.css.select.AttributeSelectorTest" name="toStringTest_withValue" time="0.001"/>
  <system-out/>
  <testcase classname="objectos.css.select.AttributeSelectorTest" name="matches" time="0.001"/>
  <system-out/>
</testsuite> <!-- objectos.css.select.AttributeSelectorTest -->
