<?xml version="1.0" encoding="UTF-8"?>
<!-- Generated by org.testng.reporters.JUnitReportReporter -->
<testsuite hostname="eto001" failures="0" tests="2" name="objectos.css.select.TypeSelectorTest" time="0.000" errors="0" timestamp="2023-08-18T13:50:52 BRT" skipped="0">
  <testcase classname="objectos.css.select.TypeSelectorTest" name="toStringTest" time="0.000"/>
  <system-out/>
  <testcase classname="objectos.css.select.TypeSelectorTest" name="matches" time="0.000"/>
  <system-out/>
</testsuite> <!-- objectos.css.select.TypeSelectorTest -->
