<?xml version="1.0" encoding="UTF-8"?>
<!-- Generated by org.testng.reporters.JUnitReportReporter -->
<testsuite hostname="eto001" failures="0" tests="28" name="objectos.css.select.AttributeValueOperatorTest" time="0.017" errors="0" timestamp="2023-08-18T13:50:52 BRT" skipped="0">
  <testcase classname="objectos.css.select.AttributeValueOperatorTest" name="matches" time="0.000"/>
  <system-out/>
  <testcase classname="objectos.css.select.AttributeValueOperatorTest" name="matches" time="0.000"/>
  <system-out/>
  <testcase classname="objectos.css.select.AttributeValueOperatorTest" name="matches" time="0.000"/>
  <system-out/>
  <testcase classname="objectos.css.select.AttributeValueOperatorTest" name="matches" time="0.001"/>
  <system-out/>
  <testcase classname="objectos.css.select.AttributeValueOperatorTest" name="matches" time="0.000"/>
  <system-out/>
  <testcase classname="objectos.css.select.AttributeValueOperatorTest" name="matches" time="0.000"/>
  <system-out/>
  <testcase classname="objectos.css.select.AttributeValueOperatorTest" name="matches" time="0.000"/>
  <system-out/>
  <testcase classname="objectos.css.select.AttributeValueOperatorTest" name="matches" time="0.000"/>
  <system-out/>
  <testcase classname="objectos.css.select.AttributeValueOperatorTest" name="matches" time="0.001"/>
  <system-out/>
  <testcase classname="objectos.css.select.AttributeValueOperatorTest" name="matches" time="0.001"/>
  <system-out/>
  <testcase classname="objectos.css.select.AttributeValueOperatorTest" name="matches" time="0.000"/>
  <system-out/>
  <testcase classname="objectos.css.select.AttributeValueOperatorTest" name="matches" time="0.000"/>
  <system-out/>
  <testcase classname="objectos.css.select.AttributeValueOperatorTest" name="matches" time="0.001"/>
  <system-out/>
  <testcase classname="objectos.css.select.AttributeValueOperatorTest" name="matches" time="0.001"/>
  <system-out/>
  <testcase classname="objectos.css.select.AttributeValueOperatorTest" name="matches" time="0.000"/>
  <system-out/>
  <testcase classname="objectos.css.select.AttributeValueOperatorTest" name="matches" time="0.000"/>
  <system-out/>
  <testcase classname="objectos.css.select.AttributeValueOperatorTest" name="matches" time="0.000"/>
  <system-out/>
  <testcase classname="objectos.css.select.AttributeValueOperatorTest" name="matches" time="0.001"/>
  <system-out/>
  <testcase classname="objectos.css.select.AttributeValueOperatorTest" name="matches" time="0.009"/>
  <system-out/>
  <testcase classname="objectos.css.select.AttributeValueOperatorTest" name="matches" time="0.000"/>
  <system-out/>
  <testcase classname="objectos.css.select.AttributeValueOperatorTest" name="matches" time="0.000"/>
  <system-out/>
  <testcase classname="objectos.css.select.AttributeValueOperatorTest" name="matches" time="0.000"/>
  <system-out/>
  <testcase classname="objectos.css.select.AttributeValueOperatorTest" name="matches" time="0.000"/>
  <system-out/>
  <testcase classname="objectos.css.select.AttributeValueOperatorTest" name="matches" time="0.000"/>
  <system-out/>
  <testcase classname="objectos.css.select.AttributeValueOperatorTest" name="matches" time="0.000"/>
  <system-out/>
  <testcase classname="objectos.css.select.AttributeValueOperatorTest" name="matches" time="0.001"/>
  <system-out/>
  <testcase classname="objectos.css.select.AttributeValueOperatorTest" name="matches" time="0.000"/>
  <system-out/>
  <testcase classname="objectos.css.select.AttributeValueOperatorTest" name="matches" time="0.001"/>
  <system-out/>
</testsuite> <!-- objectos.css.select.AttributeValueOperatorTest -->
