<?xml version="1.0" encoding="UTF-8"?>
<!-- Generated by org.testng.reporters.JUnitReportReporter -->
<testsuite hostname="eto001" failures="0" tests="8" name="objectos.css.sheet.Pass0Test" time="0.081" errors="0" timestamp="2023-08-18T13:50:52 BRT" skipped="0">
  <testcase classname="objectos.css.sheet.Pass0Test" name="testCase09" time="0.001"/>
  <system-out/>
  <testcase classname="objectos.css.sheet.Pass0Test" name="testCase25" time="0.002"/>
  <system-out/>
  <testcase classname="objectos.css.sheet.Pass0Test" name="testCase17" time="0.010"/>
  <system-out/>
  <testcase classname="objectos.css.sheet.Pass0Test" name="testCase32" time="0.001"/>
  <system-out/>
  <testcase classname="objectos.css.sheet.Pass0Test" name="testCase01" time="0.002"/>
  <system-out/>
  <testcase classname="objectos.css.sheet.Pass0Test" name="testCase27" time="0.001"/>
  <system-out/>
  <testcase classname="objectos.css.sheet.Pass0Test" name="testCase00" time="0.061"/>
  <system-out/>
  <testcase classname="objectos.css.sheet.Pass0Test" name="testCase08" time="0.003"/>
  <system-out/>
</testsuite> <!-- objectos.css.sheet.Pass0Test -->
