<?xml version="1.0" encoding="UTF-8"?>
<!-- Generated by org.testng.reporters.JUnitReportReporter -->
<testsuite hostname="eto001" failures="0" tests="1" name="objectos.css.internal.StandardTypeSelectorTest" time="0.000" errors="0" timestamp="2023-08-18T13:50:52 BRT" skipped="0">
  <testcase classname="objectos.css.internal.StandardTypeSelectorTest" name="varIntLimit" time="0.000"/>
  <system-out/>
</testsuite> <!-- objectos.css.internal.StandardTypeSelectorTest -->
