<?xml version="1.0" encoding="UTF-8"?>
<!-- Generated by org.testng.reporters.JUnitReportReporter -->
<testsuite hostname="eto001" failures="0" tests="45" name="objectos.css.sheet.StyleSheetTest" time="0.096" errors="0" timestamp="2023-08-18T13:50:52 BRT" skipped="0">
  <testcase classname="objectos.css.sheet.StyleSheetTest" name="filterClassSelectorsByName02" time="0.002"/>
  <system-out/>
  <testcase classname="objectos.css.sheet.StyleSheetTest" name="testCase15" time="0.003"/>
  <system-out/>
  <testcase classname="objectos.css.sheet.StyleSheetTest" name="testCase25" time="0.000"/>
  <system-out/>
  <testcase classname="objectos.css.sheet.StyleSheetTest" name="testCase23" time="0.001"/>
  <system-out/>
  <testcase classname="objectos.css.sheet.StyleSheetTest" name="testCase24" time="0.000"/>
  <system-out/>
  <testcase classname="objectos.css.sheet.StyleSheetTest" name="testCase11" time="0.003"/>
  <system-out/>
  <testcase classname="objectos.css.sheet.StyleSheetTest" name="testCase01" time="0.001"/>
  <system-out/>
  <testcase classname="objectos.css.sheet.StyleSheetTest" name="transform" time="0.002"/>
  <system-out/>
  <testcase classname="objectos.css.sheet.StyleSheetTest" name="testCase21" time="0.001"/>
  <system-out/>
  <testcase classname="objectos.css.sheet.StyleSheetTest" name="testCase09" time="0.000"/>
  <system-out/>
  <testcase classname="objectos.css.sheet.StyleSheetTest" name="filterClassSelectorsByName05" time="0.003"/>
  <system-out/>
  <testcase classname="objectos.css.sheet.StyleSheetTest" name="testCase10" time="0.003"/>
  <system-out/>
  <testcase classname="objectos.css.sheet.StyleSheetTest" name="testCase28" time="0.001"/>
  <system-out/>
  <testcase classname="objectos.css.sheet.StyleSheetTest" name="testCase33" time="0.002"/>
  <system-out/>
  <testcase classname="objectos.css.sheet.StyleSheetTest" name="testCase27" time="0.001"/>
  <system-out/>
  <testcase classname="objectos.css.sheet.StyleSheetTest" name="testCase07" time="0.002"/>
  <system-out/>
  <testcase classname="objectos.css.sheet.StyleSheetTest" name="filterClassSelectorsByName06" time="0.002"/>
  <system-out/>
  <testcase classname="objectos.css.sheet.StyleSheetTest" name="testCase17" time="0.001"/>
  <system-out/>
  <testcase classname="objectos.css.sheet.StyleSheetTest" name="testCase20" time="0.001"/>
  <system-out/>
  <testcase classname="objectos.css.sheet.StyleSheetTest" name="testCase22" time="0.001"/>
  <system-out/>
  <testcase classname="objectos.css.sheet.StyleSheetTest" name="filterClassSelectorsByName07" time="0.003"/>
  <system-out/>
  <testcase classname="objectos.css.sheet.StyleSheetTest" name="filterClassSelectorsByName04" time="0.002"/>
  <system-out/>
  <testcase classname="objectos.css.sheet.StyleSheetTest" name="testCase29" time="0.002"/>
  <system-out/>
  <testcase classname="objectos.css.sheet.StyleSheetTest" name="testCase18" time="0.001"/>
  <system-out/>
  <testcase classname="objectos.css.sheet.StyleSheetTest" name="filterClassSelectorsByName01" time="0.004"/>
  <system-out/>
  <testcase classname="objectos.css.sheet.StyleSheetTest" name="testCase30" time="0.010"/>
  <system-out/>
  <testcase classname="objectos.css.sheet.StyleSheetTest" name="testCase08" time="0.001"/>
  <system-out/>
  <testcase classname="objectos.css.sheet.StyleSheetTest" name="testCase06" time="0.001"/>
  <system-out/>
  <testcase classname="objectos.css.sheet.StyleSheetTest" name="filterClassSelectorsByName03" time="0.005"/>
  <system-out/>
  <testcase classname="objectos.css.sheet.StyleSheetTest" name="testCase00" time="0.001"/>
  <system-out/>
  <testcase classname="objectos.css.sheet.StyleSheetTest" name="testCase34" time="0.003"/>
  <system-out/>
  <testcase classname="objectos.css.sheet.StyleSheetTest" name="backgroundImage" time="0.004"/>
  <system-out/>
  <testcase classname="objectos.css.sheet.StyleSheetTest" name="testCase03" time="0.002"/>
  <system-out/>
  <testcase classname="objectos.css.sheet.StyleSheetTest" name="testCase26" time="0.002"/>
  <system-out/>
  <testcase classname="objectos.css.sheet.StyleSheetTest" name="testCase12" time="0.002"/>
  <system-out/>
  <testcase classname="objectos.css.sheet.StyleSheetTest" name="testCase16" time="0.001"/>
  <system-out/>
  <testcase classname="objectos.css.sheet.StyleSheetTest" name="testCase13" time="0.004"/>
  <system-out/>
  <testcase classname="objectos.css.sheet.StyleSheetTest" name="testCase02" time="0.001"/>
  <system-out/>
  <testcase classname="objectos.css.sheet.StyleSheetTest" name="testCase05" time="0.005"/>
  <system-out/>
  <testcase classname="objectos.css.sheet.StyleSheetTest" name="testCase31" time="0.002"/>
  <system-out/>
  <testcase classname="objectos.css.sheet.StyleSheetTest" name="testCase14" time="0.002"/>
  <system-out/>
  <testcase classname="objectos.css.sheet.StyleSheetTest" name="testCase04" time="0.004"/>
  <system-out/>
  <testcase classname="objectos.css.sheet.StyleSheetTest" name="testCase32" time="0.001"/>
  <system-out/>
  <testcase classname="objectos.css.sheet.StyleSheetTest" name="testCase35" time="0.001"/>
  <system-out/>
  <testcase classname="objectos.css.sheet.StyleSheetTest" name="testCase19" time="0.002"/>
  <system-out/>
</testsuite> <!-- objectos.css.sheet.StyleSheetTest -->
