<?xml version="1.0" encoding="UTF-8"?>
<!-- Generated by org.testng.reporters.JUnitReportReporter -->
<testsuite hostname="eto001" failures="0" tests="10" name="objectos.css.select.SelectorFactoryTest" time="0.009" errors="0" timestamp="2023-08-18T13:50:52 BRT" skipped="0">
  <testcase classname="objectos.css.select.SelectorFactoryTest" name="idSelector" time="0.001"/>
  <system-out/>
  <testcase classname="objectos.css.select.SelectorFactoryTest" name="attributeSelector" time="0.002"/>
  <system-out/>
  <testcase classname="objectos.css.select.SelectorFactoryTest" name="invalidSelectors" time="0.001"/>
  <system-out/>
  <testcase classname="objectos.css.select.SelectorFactoryTest" name="typeSelector" time="0.001"/>
  <system-out/>
  <testcase classname="objectos.css.select.SelectorFactoryTest" name="classSelector" time="0.001"/>
  <system-out/>
  <testcase classname="objectos.css.select.SelectorFactoryTest" name="childSelector" time="0.001"/>
  <system-out/>
  <testcase classname="objectos.css.select.SelectorFactoryTest" name="attributeValueSelector" time="0.001"/>
  <system-out/>
  <testcase classname="objectos.css.select.SelectorFactoryTest" name="descendantSelector" time="0.000"/>
  <system-out/>
  <testcase classname="objectos.css.select.SelectorFactoryTest" name="selectorList" time="0.001"/>
  <system-out/>
  <testcase classname="objectos.css.select.SelectorFactoryTest" name="universalSelector" time="0.000"/>
  <system-out/>
</testsuite> <!-- objectos.css.select.SelectorFactoryTest -->
