<?xml version="1.0" encoding="UTF-8"?>
<!-- Generated by org.testng.reporters.JUnitReportReporter -->
<testsuite hostname="eto001" failures="0" tests="69" name="objectos.css.CssTemplateTest" time="0.045" errors="0" timestamp="2023-08-18T13:50:52 BRT" skipped="0">
  <testcase classname="objectos.css.CssTemplateTest" name="propertyFilter" time="0.001"/>
  <system-out/>
  <testcase classname="objectos.css.CssTemplateTest" name="propertyOutlineStyle" time="0.000"/>
  <system-out/>
  <testcase classname="objectos.css.CssTemplateTest" name="propertyOutlineColor" time="0.000"/>
  <system-out/>
  <testcase classname="objectos.css.CssTemplateTest" name="propertyColor" time="0.001"/>
  <system-out/>
  <testcase classname="objectos.css.CssTemplateTest" name="propertyOutline" time="0.001"/>
  <system-out/>
  <testcase classname="objectos.css.CssTemplateTest" name="propertyTabSize" time="0.000"/>
  <system-out/>
  <testcase classname="objectos.css.CssTemplateTest" name="customProperty01" time="0.002"/>
  <system-out/>
  <testcase classname="objectos.css.CssTemplateTest" name="selectorList" time="0.000"/>
  <system-out/>
  <testcase classname="objectos.css.CssTemplateTest" name="propertyMaxWidth" time="0.001"/>
  <system-out/>
  <testcase classname="objectos.css.CssTemplateTest" name="selectorTypes" time="0.001"/>
  <system-out/>
  <testcase classname="objectos.css.CssTemplateTest" name="propertyFontWeight" time="0.001"/>
  <system-out/>
  <testcase classname="objectos.css.CssTemplateTest" name="propertyPaddingBlock" time="0.000"/>
  <system-out/>
  <testcase classname="objectos.css.CssTemplateTest" name="propertyFontSize" time="0.001"/>
  <system-out/>
  <testcase classname="objectos.css.CssTemplateTest" name="propertyTextDecoration" time="0.001"/>
  <system-out/>
  <testcase classname="objectos.css.CssTemplateTest" name="propertyCursor" time="0.000"/>
  <system-out/>
  <testcase classname="objectos.css.CssTemplateTest" name="propertyBorderCollapse" time="0.001"/>
  <system-out/>
  <testcase classname="objectos.css.CssTemplateTest" name="propertyFontFeatureSettings" time="0.001"/>
  <system-out/>
  <testcase classname="objectos.css.CssTemplateTest" name="propertyTextDecorationColor" time="0.000"/>
  <system-out/>
  <testcase classname="objectos.css.CssTemplateTest" name="propertyFont" time="0.001"/>
  <system-out/>
  <testcase classname="objectos.css.CssTemplateTest" name="selectorUniversal" time="0.001"/>
  <system-out/>
  <testcase classname="objectos.css.CssTemplateTest" name="customProperty02" time="0.000"/>
  <system-out/>
  <testcase classname="objectos.css.CssTemplateTest" name="propertyMinWidth" time="0.001"/>
  <system-out/>
  <testcase classname="objectos.css.CssTemplateTest" name="propertyBorderWidth" time="0.001"/>
  <system-out/>
  <testcase classname="objectos.css.CssTemplateTest" name="propertyListStyleType" time="0.001"/>
  <system-out/>
  <testcase classname="objectos.css.CssTemplateTest" name="propertyDisplay" time="0.001"/>
  <system-out/>
  <testcase classname="objectos.css.CssTemplateTest" name="propertyListStylePosition" time="0.000"/>
  <system-out/>
  <testcase classname="objectos.css.CssTemplateTest" name="propertyMinHeight" time="0.000"/>
  <system-out/>
  <testcase classname="objectos.css.CssTemplateTest" name="propertyFlexDirection" time="0.001"/>
  <system-out/>
  <testcase classname="objectos.css.CssTemplateTest" name="propertyGridColumn" time="0.001"/>
  <system-out/>
  <testcase classname="objectos.css.CssTemplateTest" name="propertyGridTemplateColumns" time="0.001"/>
  <system-out/>
  <testcase classname="objectos.css.CssTemplateTest" name="propertyVerticalAlign" time="0.001"/>
  <system-out/>
  <testcase classname="objectos.css.CssTemplateTest" name="selectorJoined" time="0.000"/>
  <system-out/>
  <testcase classname="objectos.css.CssTemplateTest" name="percentage" time="0.000"/>
  <system-out/>
  <testcase classname="objectos.css.CssTemplateTest" name="propertyBackgroundImage" time="0.000"/>
  <system-out/>
  <testcase classname="objectos.css.CssTemplateTest" name="propertyListStyleImage" time="0.001"/>
  <system-out/>
  <testcase classname="objectos.css.CssTemplateTest" name="selectorClass" time="0.000"/>
  <system-out/>
  <testcase classname="objectos.css.CssTemplateTest" name="propertyFontFamily" time="0.001"/>
  <system-out/>
  <testcase classname="objectos.css.CssTemplateTest" name="propertyBottom" time="0.001"/>
  <system-out/>
  <testcase classname="objectos.css.CssTemplateTest" name="propertyTop" time="0.001"/>
  <system-out/>
  <testcase classname="objectos.css.CssTemplateTest" name="propertyPaddingInline" time="0.000"/>
  <system-out/>
  <testcase classname="objectos.css.CssTemplateTest" name="propertyOutlineWidth" time="0.001"/>
  <system-out/>
  <testcase classname="objectos.css.CssTemplateTest" name="propertyMargin" time="0.000"/>
  <system-out/>
  <testcase classname="objectos.css.CssTemplateTest" name="propertyTextTransform" time="0.000"/>
  <system-out/>
  <testcase classname="objectos.css.CssTemplateTest" name="propertyResize" time="0.001"/>
  <system-out/>
  <testcase classname="objectos.css.CssTemplateTest" name="propertyListStyle" time="0.001"/>
  <system-out/>
  <testcase classname="objectos.css.CssTemplateTest" name="propertyTextIndent" time="0.001"/>
  <system-out/>
  <testcase classname="objectos.css.CssTemplateTest" name="media01" time="0.001"/>
  <system-out/>
  <testcase classname="objectos.css.CssTemplateTest" name="media02" time="0.000"/>
  <system-out/>
  <testcase classname="objectos.css.CssTemplateTest" name="propertyBorderSideWidth" time="0.000"/>
  <system-out/>
  <testcase classname="objectos.css.CssTemplateTest" name="propertyLineHeight" time="0.001"/>
  <system-out/>
  <testcase classname="objectos.css.CssTemplateTest" name="propertyPadding" time="0.001"/>
  <system-out/>
  <testcase classname="objectos.css.CssTemplateTest" name="propertyOutlineOffset" time="0.001"/>
  <system-out/>
  <testcase classname="objectos.css.CssTemplateTest" name="propertyHeight" time="0.001"/>
  <system-out/>
  <testcase classname="objectos.css.CssTemplateTest" name="length" time="0.001"/>
  <system-out/>
  <testcase classname="objectos.css.CssTemplateTest" name="propertyTextSizeAdjust" time="0.001"/>
  <system-out/>
  <testcase classname="objectos.css.CssTemplateTest" name="propertyBorderColor" time="0.001"/>
  <system-out/>
  <testcase classname="objectos.css.CssTemplateTest" name="propertyBoxSizing" time="0.000"/>
  <system-out/>
  <testcase classname="objectos.css.CssTemplateTest" name="propertyBoxShadow" time="0.001"/>
  <system-out/>
  <testcase classname="objectos.css.CssTemplateTest" name="propertyFontVariationSettings" time="0.000"/>
  <system-out/>
  <testcase classname="objectos.css.CssTemplateTest" name="selectorAttribute" time="0.000"/>
  <system-out/>
  <testcase classname="objectos.css.CssTemplateTest" name="propertyAppearance" time="0.001"/>
  <system-out/>
  <testcase classname="objectos.css.CssTemplateTest" name="propertyTextDecorationStyle" time="0.001"/>
  <system-out/>
  <testcase classname="objectos.css.CssTemplateTest" name="propertyPosition" time="0.001"/>
  <system-out/>
  <testcase classname="objectos.css.CssTemplateTest" name="propertyTextDecorationThickness" time="0.000"/>
  <system-out/>
  <testcase classname="objectos.css.CssTemplateTest" name="propertyBorderStyle" time="0.001"/>
  <system-out/>
  <testcase classname="objectos.css.CssTemplateTest" name="propertyOpacity" time="0.001"/>
  <system-out/>
  <testcase classname="objectos.css.CssTemplateTest" name="customProperty03" time="0.000"/>
  <system-out/>
  <testcase classname="objectos.css.CssTemplateTest" name="propertyTextDecorationLine" time="0.000"/>
  <system-out/>
  <testcase classname="objectos.css.CssTemplateTest" name="propertyJustifyContent" time="0.001"/>
  <system-out/>
</testsuite> <!-- objectos.css.CssTemplateTest -->
