<?xml version="1.0" encoding="UTF-8"?>
<!-- Generated by org.testng.reporters.JUnitReportReporter -->
<testsuite hostname="eto001" failures="0" tests="19" name="objectos.css.internal.CssCompiler02Test" time="0.007" errors="0" timestamp="2023-08-18T13:50:52 BRT" skipped="0">
  <testcase classname="objectos.css.internal.CssCompiler02Test" name="testCase06" time="0.001"/>
  <system-out/>
  <testcase classname="objectos.css.internal.CssCompiler02Test" name="testCase19" time="0.001"/>
  <system-out/>
  <testcase classname="objectos.css.internal.CssCompiler02Test" name="testCase03" time="0.000"/>
  <system-out/>
  <testcase classname="objectos.css.internal.CssCompiler02Test" name="testCase21" time="0.001"/>
  <system-out/>
  <testcase classname="objectos.css.internal.CssCompiler02Test" name="testCase15" time="0.000"/>
  <system-out/>
  <testcase classname="objectos.css.internal.CssCompiler02Test" name="testCase12" time="0.000"/>
  <system-out/>
  <testcase classname="objectos.css.internal.CssCompiler02Test" name="testCase11" time="0.001"/>
  <system-out/>
  <testcase classname="objectos.css.internal.CssCompiler02Test" name="testCase17" time="0.000"/>
  <system-out/>
  <testcase classname="objectos.css.internal.CssCompiler02Test" name="testCase09" time="0.000"/>
  <system-out/>
  <testcase classname="objectos.css.internal.CssCompiler02Test" name="testCase02" time="0.000"/>
  <system-out/>
  <testcase classname="objectos.css.internal.CssCompiler02Test" name="testCase10" time="0.000"/>
  <system-out/>
  <testcase classname="objectos.css.internal.CssCompiler02Test" name="testCase01" time="0.001"/>
  <system-out/>
  <testcase classname="objectos.css.internal.CssCompiler02Test" name="testCase07" time="0.001"/>
  <system-out/>
  <testcase classname="objectos.css.internal.CssCompiler02Test" name="testCase18" time="0.001"/>
  <system-out/>
  <testcase classname="objectos.css.internal.CssCompiler02Test" name="testCase13" time="0.000"/>
  <system-out/>
  <testcase classname="objectos.css.internal.CssCompiler02Test" name="testCase04" time="0.000"/>
  <system-out/>
  <testcase classname="objectos.css.internal.CssCompiler02Test" name="testCase08" time="0.000"/>
  <system-out/>
  <testcase classname="objectos.css.internal.CssCompiler02Test" name="testCase22" time="0.000"/>
  <system-out/>
  <testcase classname="objectos.css.internal.CssCompiler02Test" name="testCase14" time="0.000"/>
  <system-out/>
</testsuite> <!-- objectos.css.internal.CssCompiler02Test -->
