<?xml version="1.0" encoding="UTF-8"?>
<testsuite xmlns:xsi="http://www.w3.org/2001/XMLSchema-instance" xsi:noNamespaceSchemaLocation="https://maven.apache.org/surefire/maven-surefire-plugin/xsd/surefire-test-report-3.0.xsd" version="3.0" name="TestSuite" time="6.765" tests="166" errors="0" skipped="0" failures="0">
  <properties>
    <property name="java.specification.version" value="20"/>
    <property name="sun.jnu.encoding" value="UTF-8"/>
    <property name="java.class.path" value="/home/mendo/kdo/projetos/objectos/objectos-asciidoc/target/test-classes:/home/mendo/.m2/repository/org/slf4j/slf4j-nop/1.7.36/slf4j-nop-1.7.36.jar:/home/mendo/.m2/repository/org/slf4j/slf4j-api/1.7.36/slf4j-api-1.7.36.jar:/home/mendo/.m2/repository/org/testng/testng/7.7.1/testng-7.7.1.jar:/home/mendo/.m2/repository/com/beust/jcommander/1.82/jcommander-1.82.jar:/home/mendo/.m2/repository/org/webjars/jquery/3.6.1/jquery-3.6.1.jar:/home/mendo/.m2/repository/org/asciidoctor/asciidoctorj/2.5.7/asciidoctorj-2.5.7.jar:/home/mendo/.m2/repository/org/asciidoctor/asciidoctorj-api/2.5.7/asciidoctorj-api-2.5.7.jar:/home/mendo/.m2/repository/org/jruby/jruby/9.3.8.0/jruby-9.3.8.0.jar:/home/mendo/.m2/repository/org/jruby/jruby-base/9.3.8.0/jruby-base-9.3.8.0.jar:/home/mendo/.m2/repository/org/ow2/asm/asm/9.2/asm-9.2.jar:/home/mendo/.m2/repository/org/ow2/asm/asm-commons/9.2/asm-commons-9.2.jar:/home/mendo/.m2/repository/org/ow2/asm/asm-tree/9.2/asm-tree-9.2.jar:/home/mendo/.m2/repository/org/ow2/asm/asm-analysis/9.2/asm-analysis-9.2.jar:/home/mendo/.m2/repository/org/ow2/asm/asm-util/9.2/asm-util-9.2.jar:/home/mendo/.m2/repository/com/github/jnr/jnr-netdb/1.2.0/jnr-netdb-1.2.0.jar:/home/mendo/.m2/repository/com/github/jnr/jnr-enxio/0.32.13/jnr-enxio-0.32.13.jar:/home/mendo/.m2/repository/com/github/jnr/jnr-unixsocket/0.38.17/jnr-unixsocket-0.38.17.jar:/home/mendo/.m2/repository/com/github/jnr/jnr-posix/3.1.15/jnr-posix-3.1.15.jar:/home/mendo/.m2/repository/com/github/jnr/jnr-constants/0.10.3/jnr-constants-0.10.3.jar:/home/mendo/.m2/repository/com/github/jnr/jnr-ffi/2.2.11/jnr-ffi-2.2.11.jar:/home/mendo/.m2/repository/com/github/jnr/jnr-a64asm/1.0.0/jnr-a64asm-1.0.0.jar:/home/mendo/.m2/repository/com/github/jnr/jnr-x86asm/1.0.2/jnr-x86asm-1.0.2.jar:/home/mendo/.m2/repository/com/github/jnr/jffi/1.3.9/jffi-1.3.9.jar:/home/mendo/.m2/repository/com/github/jnr/jffi/1.3.9/jffi-1.3.9-native.jar:/home/mendo/.m2/repository/org/jruby/joni/joni/2.1.43/joni-2.1.43.jar:/home/mendo/.m2/repository/org/jruby/jcodings/jcodings/1.0.57/jcodings-1.0.57.jar:/home/mendo/.m2/repository/org/jruby/dirgra/0.3/dirgra-0.3.jar:/home/mendo/.m2/repository/com/headius/invokebinder/1.12/invokebinder-1.12.jar:/home/mendo/.m2/repository/com/headius/options/1.6/options-1.6.jar:/home/mendo/.m2/repository/com/jcraft/jzlib/1.1.3/jzlib-1.1.3.jar:/home/mendo/.m2/repository/joda-time/joda-time/2.10.10/joda-time-2.10.10.jar:/home/mendo/.m2/repository/me/qmx/jitescript/jitescript/0.4.1/jitescript-0.4.1.jar:/home/mendo/.m2/repository/com/headius/backport9/1.12/backport9-1.12.jar:/home/mendo/.m2/repository/org/jruby/jruby-stdlib/9.3.8.0/jruby-stdlib-9.3.8.0.jar:/home/mendo/.m2/repository/org/jsoup/jsoup/1.15.4/jsoup-1.15.4.jar:"/>
    <property name="java.vm.vendor" value="Amazon.com Inc."/>
    <property name="sun.arch.data.model" value="64"/>
    <property name="java.vendor.url" value="https://aws.amazon.com/corretto/"/>
    <property name="user.timezone" value="America/Sao_Paulo"/>
    <property name="os.name" value="Linux"/>
    <property name="java.vm.specification.version" value="20"/>
    <property name="sun.java.launcher" value="SUN_STANDARD"/>
    <property name="user.country" value="US"/>
    <property name="sun.boot.library.path" value="/opt/amazon-corretto-20.0.2.9.1-linux-x64/lib"/>
    <property name="sun.java.command" value="org.apache.maven.surefire.booter.ForkedBooter /home/mendo/kdo/projetos/objectos/objectos-asciidoc/target/surefire 2023-08-18T13-49-42_567-jvmRun1 surefire-20230818134959911_7tmp surefire_2-20230818134959911_8tmp"/>
    <property name="jdk.debug" value="release"/>
    <property name="surefire.test.class.path" value="/home/mendo/kdo/projetos/objectos/objectos-asciidoc/target/test-classes:/home/mendo/.m2/repository/org/slf4j/slf4j-nop/1.7.36/slf4j-nop-1.7.36.jar:/home/mendo/.m2/repository/org/slf4j/slf4j-api/1.7.36/slf4j-api-1.7.36.jar:/home/mendo/.m2/repository/org/testng/testng/7.7.1/testng-7.7.1.jar:/home/mendo/.m2/repository/com/beust/jcommander/1.82/jcommander-1.82.jar:/home/mendo/.m2/repository/org/webjars/jquery/3.6.1/jquery-3.6.1.jar:/home/mendo/.m2/repository/org/asciidoctor/asciidoctorj/2.5.7/asciidoctorj-2.5.7.jar:/home/mendo/.m2/repository/org/asciidoctor/asciidoctorj-api/2.5.7/asciidoctorj-api-2.5.7.jar:/home/mendo/.m2/repository/org/jruby/jruby/9.3.8.0/jruby-9.3.8.0.jar:/home/mendo/.m2/repository/org/jruby/jruby-base/9.3.8.0/jruby-base-9.3.8.0.jar:/home/mendo/.m2/repository/org/ow2/asm/asm/9.2/asm-9.2.jar:/home/mendo/.m2/repository/org/ow2/asm/asm-commons/9.2/asm-commons-9.2.jar:/home/mendo/.m2/repository/org/ow2/asm/asm-tree/9.2/asm-tree-9.2.jar:/home/mendo/.m2/repository/org/ow2/asm/asm-analysis/9.2/asm-analysis-9.2.jar:/home/mendo/.m2/repository/org/ow2/asm/asm-util/9.2/asm-util-9.2.jar:/home/mendo/.m2/repository/com/github/jnr/jnr-netdb/1.2.0/jnr-netdb-1.2.0.jar:/home/mendo/.m2/repository/com/github/jnr/jnr-enxio/0.32.13/jnr-enxio-0.32.13.jar:/home/mendo/.m2/repository/com/github/jnr/jnr-unixsocket/0.38.17/jnr-unixsocket-0.38.17.jar:/home/mendo/.m2/repository/com/github/jnr/jnr-posix/3.1.15/jnr-posix-3.1.15.jar:/home/mendo/.m2/repository/com/github/jnr/jnr-constants/0.10.3/jnr-constants-0.10.3.jar:/home/mendo/.m2/repository/com/github/jnr/jnr-ffi/2.2.11/jnr-ffi-2.2.11.jar:/home/mendo/.m2/repository/com/github/jnr/jnr-a64asm/1.0.0/jnr-a64asm-1.0.0.jar:/home/mendo/.m2/repository/com/github/jnr/jnr-x86asm/1.0.2/jnr-x86asm-1.0.2.jar:/home/mendo/.m2/repository/com/github/jnr/jffi/1.3.9/jffi-1.3.9.jar:/home/mendo/.m2/repository/com/github/jnr/jffi/1.3.9/jffi-1.3.9-native.jar:/home/mendo/.m2/repository/org/jruby/joni/joni/2.1.43/joni-2.1.43.jar:/home/mendo/.m2/repository/org/jruby/jcodings/jcodings/1.0.57/jcodings-1.0.57.jar:/home/mendo/.m2/repository/org/jruby/dirgra/0.3/dirgra-0.3.jar:/home/mendo/.m2/repository/com/headius/invokebinder/1.12/invokebinder-1.12.jar:/home/mendo/.m2/repository/com/headius/options/1.6/options-1.6.jar:/home/mendo/.m2/repository/com/jcraft/jzlib/1.1.3/jzlib-1.1.3.jar:/home/mendo/.m2/repository/joda-time/joda-time/2.10.10/joda-time-2.10.10.jar:/home/mendo/.m2/repository/me/qmx/jitescript/jitescript/0.4.1/jitescript-0.4.1.jar:/home/mendo/.m2/repository/com/headius/backport9/1.12/backport9-1.12.jar:/home/mendo/.m2/repository/org/jruby/jruby-stdlib/9.3.8.0/jruby-stdlib-9.3.8.0.jar:/home/mendo/.m2/repository/org/jsoup/jsoup/1.15.4/jsoup-1.15.4.jar:"/>
    <property name="sun.cpu.endian" value="little"/>
    <property name="user.home" value="/home/mendo"/>
    <property name="user.language" value="en"/>
    <property name="java.specification.vendor" value="Oracle Corporation"/>
    <property name="jdk.module.path" value="/home/mendo/kdo/projetos/objectos/objectos-asciidoc/target/classes:/home/mendo/kdo/projetos/objectos/objectos-lang/target/objectos-lang-0.8.0-SNAPSHOT.jar:/home/mendo/kdo/projetos/objectos/objectos-util/target/objectos-util-0.8.0-SNAPSHOT.jar"/>
    <property name="java.version.date" value="2023-07-18"/>
    <property name="java.home" value="/opt/amazon-corretto-20.0.2.9.1-linux-x64"/>
    <property name="file.separator" value="/"/>
    <property name="basedir" value="/home/mendo/kdo/projetos/objectos/objectos-asciidoc"/>
    <property name="java.vm.compressedOopsMode" value="32-bit"/>
    <property name="line.separator" value="&#10;"/>
    <property name="java.vm.specification.vendor" value="Oracle Corporation"/>
    <property name="java.specification.name" value="Java Platform API Specification"/>
    <property name="surefire.real.class.path" value="/home/mendo/.m2/repository/org/apache/maven/surefire/surefire-api/3.1.2/surefire-api-3.1.2.jar:/home/mendo/.m2/repository/org/apache/maven/surefire/surefire-booter/3.1.2/surefire-booter-3.1.2.jar:/home/mendo/.m2/repository/org/apache/maven/surefire/surefire-extensions-spi/3.1.2/surefire-extensions-spi-3.1.2.jar:/home/mendo/.m2/repository/org/apache/maven/surefire/surefire-logger-api/3.1.2/surefire-logger-api-3.1.2.jar:/home/mendo/.m2/repository/org/apache/maven/surefire/surefire-shared-utils/3.1.2/surefire-shared-utils-3.1.2.jar:/home/mendo/kdo/projetos/objectos/objectos-asciidoc/target/test-classes:/home/mendo/.m2/repository/org/slf4j/slf4j-nop/1.7.36/slf4j-nop-1.7.36.jar:/home/mendo/.m2/repository/org/slf4j/slf4j-api/1.7.36/slf4j-api-1.7.36.jar:/home/mendo/.m2/repository/org/testng/testng/7.7.1/testng-7.7.1.jar:/home/mendo/.m2/repository/com/beust/jcommander/1.82/jcommander-1.82.jar:/home/mendo/.m2/repository/org/webjars/jquery/3.6.1/jquery-3.6.1.jar:/home/mendo/.m2/repository/org/asciidoctor/asciidoctorj/2.5.7/asciidoctorj-2.5.7.jar:/home/mendo/.m2/repository/org/asciidoctor/asciidoctorj-api/2.5.7/asciidoctorj-api-2.5.7.jar:/home/mendo/.m2/repository/org/jruby/jruby/9.3.8.0/jruby-9.3.8.0.jar:/home/mendo/.m2/repository/org/jruby/jruby-base/9.3.8.0/jruby-base-9.3.8.0.jar:/home/mendo/.m2/repository/org/ow2/asm/asm/9.2/asm-9.2.jar:/home/mendo/.m2/repository/org/ow2/asm/asm-commons/9.2/asm-commons-9.2.jar:/home/mendo/.m2/repository/org/ow2/asm/asm-tree/9.2/asm-tree-9.2.jar:/home/mendo/.m2/repository/org/ow2/asm/asm-analysis/9.2/asm-analysis-9.2.jar:/home/mendo/.m2/repository/org/ow2/asm/asm-util/9.2/asm-util-9.2.jar:/home/mendo/.m2/repository/com/github/jnr/jnr-netdb/1.2.0/jnr-netdb-1.2.0.jar:/home/mendo/.m2/repository/com/github/jnr/jnr-enxio/0.32.13/jnr-enxio-0.32.13.jar:/home/mendo/.m2/repository/com/github/jnr/jnr-unixsocket/0.38.17/jnr-unixsocket-0.38.17.jar:/home/mendo/.m2/repository/com/github/jnr/jnr-posix/3.1.15/jnr-posix-3.1.15.jar:/home/mendo/.m2/repository/com/github/jnr/jnr-constants/0.10.3/jnr-constants-0.10.3.jar:/home/mendo/.m2/repository/com/github/jnr/jnr-ffi/2.2.11/jnr-ffi-2.2.11.jar:/home/mendo/.m2/repository/com/github/jnr/jnr-a64asm/1.0.0/jnr-a64asm-1.0.0.jar:/home/mendo/.m2/repository/com/github/jnr/jnr-x86asm/1.0.2/jnr-x86asm-1.0.2.jar:/home/mendo/.m2/repository/com/github/jnr/jffi/1.3.9/jffi-1.3.9.jar:/home/mendo/.m2/repository/com/github/jnr/jffi/1.3.9/jffi-1.3.9-native.jar:/home/mendo/.m2/repository/org/jruby/joni/joni/2.1.43/joni-2.1.43.jar:/home/mendo/.m2/repository/org/jruby/jcodings/jcodings/1.0.57/jcodings-1.0.57.jar:/home/mendo/.m2/repository/org/jruby/dirgra/0.3/dirgra-0.3.jar:/home/mendo/.m2/repository/com/headius/invokebinder/1.12/invokebinder-1.12.jar:/home/mendo/.m2/repository/com/headius/options/1.6/options-1.6.jar:/home/mendo/.m2/repository/com/jcraft/jzlib/1.1.3/jzlib-1.1.3.jar:/home/mendo/.m2/repository/joda-time/joda-time/2.10.10/joda-time-2.10.10.jar:/home/mendo/.m2/repository/me/qmx/jitescript/jitescript/0.4.1/jitescript-0.4.1.jar:/home/mendo/.m2/repository/com/headius/backport9/1.12/backport9-1.12.jar:/home/mendo/.m2/repository/org/jruby/jruby-stdlib/9.3.8.0/jruby-stdlib-9.3.8.0.jar:/home/mendo/.m2/repository/org/jsoup/jsoup/1.15.4/jsoup-1.15.4.jar:/home/mendo/.m2/repository/org/apache/maven/surefire/surefire-testng/3.1.2/surefire-testng-3.1.2.jar:/home/mendo/.m2/repository/org/apache/maven/surefire/common-java5/3.1.2/common-java5-3.1.2.jar:/home/mendo/.m2/repository/org/apache/maven/surefire/surefire-grouper/3.1.2/surefire-grouper-3.1.2.jar:/home/mendo/.m2/repository/org/apache/maven/surefire/surefire-testng-utils/3.1.2/surefire-testng-utils-3.1.2.jar"/>
    <property name="sun.management.compiler" value="HotSpot 64-Bit Tiered Compilers"/>
    <property name="java.runtime.version" value="20.0.2+9-FR"/>
    <property name="user.name" value="mendo"/>
    <property name="stdout.encoding" value="UTF-8"/>
    <property name="path.separator" value=":"/>
    <property name="os.version" value="6.1.41-gentoo"/>
    <property name="java.runtime.name" value="OpenJDK Runtime Environment"/>
    <property name="file.encoding" value="UTF-8"/>
    <property name="java.vm.name" value="OpenJDK 64-Bit Server VM"/>
    <property name="java.vendor.version" value="Corretto-20.0.2.9.1"/>
    <property name="localRepository" value="/home/mendo/.m2/repository"/>
    <property name="java.vendor.url.bug" value="https://github.com/corretto/corretto-20/issues/"/>
    <property name="java.io.tmpdir" value="/tmp"/>
    <property name="java.version" value="20.0.2"/>
    <property name="user.dir" value="/home/mendo/kdo/projetos/objectos/objectos-asciidoc"/>
    <property name="os.arch" value="amd64"/>
    <property name="java.vm.specification.name" value="Java Virtual Machine Specification"/>
    <property name="native.encoding" value="UTF-8"/>
    <property name="java.library.path" value="/usr/java/packages/lib:/usr/lib64:/lib64:/lib:/usr/lib"/>
    <property name="java.vm.info" value="mixed mode"/>
    <property name="stderr.encoding" value="UTF-8"/>
    <property name="java.vendor" value="Amazon.com Inc."/>
    <property name="java.vm.version" value="20.0.2+9-FR"/>
    <property name="sun.io.unicode.encoding" value="UnicodeLittle"/>
    <property name="java.class.version" value="64.0"/>
  </properties>
  <testcase name="testCase01" classname="objectos.asciidoc.DocumentTest" time="0.013"/>
  <testcase name="testCase01" classname="objectos.asciidoc.DocumentTest" time="0.1"/>
  <testcase name="testCase02" classname="objectos.asciidoc.DocumentTest" time="0.0"/>
  <testcase name="testCase02" classname="objectos.asciidoc.DocumentTest" time="0.007"/>
  <testcase name="testCase03" classname="objectos.asciidoc.DocumentTest" time="0.002"/>
  <testcase name="testCase03" classname="objectos.asciidoc.DocumentTest" time="0.019"/>
  <testcase name="testCase04" classname="objectos.asciidoc.DocumentTest" time="0.001"/>
  <testcase name="testCase04" classname="objectos.asciidoc.DocumentTest" time="0.036"/>
  <testcase name="testCase05" classname="objectos.asciidoc.DocumentTest" time="0.001"/>
  <testcase name="testCase05" classname="objectos.asciidoc.DocumentTest" time="0.018"/>
  <testcase name="testCase06" classname="objectos.asciidoc.DocumentTest" time="0.0"/>
  <testcase name="testCase06" classname="objectos.asciidoc.DocumentTest" time="0.013"/>
  <testcase name="testCase01" classname="objectos.asciidoc.SourceCodeBlockTest" time="0.002"/>
  <testcase name="testCase01" classname="objectos.asciidoc.SourceCodeBlockTest" time="0.026"/>
  <testcase name="testCase02" classname="objectos.asciidoc.SourceCodeBlockTest" time="0.0"/>
  <testcase name="testCase02" classname="objectos.asciidoc.SourceCodeBlockTest" time="0.011"/>
  <testcase name="testCase03" classname="objectos.asciidoc.SourceCodeBlockTest" time="0.001"/>
  <testcase name="testCase03" classname="objectos.asciidoc.SourceCodeBlockTest" time="0.01"/>
  <testcase name="testCase04" classname="objectos.asciidoc.SourceCodeBlockTest" time="0.0"/>
  <testcase name="testCase04" classname="objectos.asciidoc.SourceCodeBlockTest" time="0.007"/>
  <testcase name="testCase05" classname="objectos.asciidoc.SourceCodeBlockTest" time="0.001"/>
  <testcase name="testCase05" classname="objectos.asciidoc.SourceCodeBlockTest" time="0.016"/>
  <testcase name="testCase06" classname="objectos.asciidoc.SourceCodeBlockTest" time="0.0"/>
  <testcase name="testCase06" classname="objectos.asciidoc.SourceCodeBlockTest" time="0.011"/>
  <testcase name="testCase07" classname="objectos.asciidoc.SourceCodeBlockTest" time="0.001"/>
  <testcase name="testCase07" classname="objectos.asciidoc.SourceCodeBlockTest" time="0.013"/>
  <testcase name="testCase01" classname="objectos.asciidoc.ConstrainedMonospaceTest" time="0.013"/>
  <testcase name="testCase01" classname="objectos.asciidoc.ConstrainedMonospaceTest" time="0.001"/>
  <testcase name="testCase02" classname="objectos.asciidoc.ConstrainedMonospaceTest" time="0.006"/>
  <testcase name="testCase02" classname="objectos.asciidoc.ConstrainedMonospaceTest" time="0.0"/>
  <testcase name="testCase03" classname="objectos.asciidoc.ConstrainedMonospaceTest" time="0.008"/>
  <testcase name="testCase03" classname="objectos.asciidoc.ConstrainedMonospaceTest" time="0.001"/>
  <testcase name="testCase04" classname="objectos.asciidoc.ConstrainedMonospaceTest" time="0.009"/>
  <testcase name="testCase04" classname="objectos.asciidoc.ConstrainedMonospaceTest" time="0.001"/>
  <testcase name="testCase05" classname="objectos.asciidoc.ConstrainedMonospaceTest" time="0.011"/>
  <testcase name="testCase05" classname="objectos.asciidoc.ConstrainedMonospaceTest" time="0.001"/>
  <testcase name="testCase06" classname="objectos.asciidoc.ConstrainedMonospaceTest" time="0.01"/>
  <testcase name="testCase06" classname="objectos.asciidoc.ConstrainedMonospaceTest" time="0.001"/>
  <testcase name="testCase07" classname="objectos.asciidoc.ConstrainedMonospaceTest" time="0.016"/>
  <testcase name="testCase07" classname="objectos.asciidoc.ConstrainedMonospaceTest" time="0.001"/>
  <testcase name="testCase08" classname="objectos.asciidoc.ConstrainedMonospaceTest" time="0.025"/>
  <testcase name="testCase08" classname="objectos.asciidoc.ConstrainedMonospaceTest" time="0.0"/>
  <testcase name="testCase01" classname="objectos.asciidoc.LexerTest" time="0.001"/>
  <testcase name="testCase01" classname="objectos.asciidoc.LexerTest" time="0.009"/>
  <testcase name="testCase01" classname="objectos.asciidoc.ParagraphTest" time="0.0"/>
  <testcase name="testCase01" classname="objectos.asciidoc.ParagraphTest" time="0.007"/>
  <testcase name="testCase02" classname="objectos.asciidoc.ParagraphTest" time="0.0"/>
  <testcase name="testCase02" classname="objectos.asciidoc.ParagraphTest" time="0.008"/>
  <testcase name="testCase03" classname="objectos.asciidoc.ParagraphTest" time="0.001"/>
  <testcase name="testCase03" classname="objectos.asciidoc.ParagraphTest" time="0.007"/>
  <testcase name="testCase04" classname="objectos.asciidoc.ParagraphTest" time="0.001"/>
  <testcase name="testCase04" classname="objectos.asciidoc.ParagraphTest" time="0.017"/>
  <testcase name="testCase05" classname="objectos.asciidoc.ParagraphTest" time="0.001"/>
  <testcase name="testCase05" classname="objectos.asciidoc.ParagraphTest" time="0.008"/>
  <testcase name="testCase06" classname="objectos.asciidoc.ParagraphTest" time="0.0"/>
  <testcase name="testCase06" classname="objectos.asciidoc.ParagraphTest" time="0.008"/>
  <testcase name="testCase07" classname="objectos.asciidoc.ParagraphTest" time="0.001"/>
  <testcase name="testCase07" classname="objectos.asciidoc.ParagraphTest" time="0.009"/>
  <testcase name="testCase08" classname="objectos.asciidoc.ParagraphTest" time="0.001"/>
  <testcase name="testCase08" classname="objectos.asciidoc.ParagraphTest" time="0.007"/>
  <testcase name="testCase09" classname="objectos.asciidoc.ParagraphTest" time="0.002"/>
  <testcase name="testCase09" classname="objectos.asciidoc.ParagraphTest" time="0.009"/>
  <testcase name="testCase01" classname="objectos.asciidoc.ConstrainedItalicTest" time="0.001"/>
  <testcase name="testCase01" classname="objectos.asciidoc.ConstrainedItalicTest" time="0.007"/>
  <testcase name="testCase02" classname="objectos.asciidoc.ConstrainedItalicTest" time="0.001"/>
  <testcase name="testCase02" classname="objectos.asciidoc.ConstrainedItalicTest" time="0.012"/>
  <testcase name="testCase03" classname="objectos.asciidoc.ConstrainedItalicTest" time="0.001"/>
  <testcase name="testCase03" classname="objectos.asciidoc.ConstrainedItalicTest" time="0.007"/>
  <testcase name="testCase04" classname="objectos.asciidoc.ConstrainedItalicTest" time="0.0"/>
  <testcase name="testCase04" classname="objectos.asciidoc.ConstrainedItalicTest" time="0.007"/>
  <testcase name="testCase01" classname="objectos.asciidoc.AttributeListTest" time="0.0"/>
  <testcase name="testCase01" classname="objectos.asciidoc.AttributeListTest" time="0.007"/>
  <testcase name="testCase01" classname="objectos.asciidoc.ListingBlockTest" time="0.012"/>
  <testcase name="testCase01" classname="objectos.asciidoc.ListingBlockTest" time="0.001"/>
  <testcase name="testCase02" classname="objectos.asciidoc.ListingBlockTest" time="0.005"/>
  <testcase name="testCase02" classname="objectos.asciidoc.ListingBlockTest" time="0.0"/>
  <testcase name="testCase03" classname="objectos.asciidoc.ListingBlockTest" time="0.006"/>
  <testcase name="testCase03" classname="objectos.asciidoc.ListingBlockTest" time="0.0"/>
  <testcase name="testCase04" classname="objectos.asciidoc.ListingBlockTest" time="0.005"/>
  <testcase name="testCase04" classname="objectos.asciidoc.ListingBlockTest" time="0.001"/>
  <testcase name="testCase05" classname="objectos.asciidoc.ListingBlockTest" time="0.007"/>
  <testcase name="testCase05" classname="objectos.asciidoc.ListingBlockTest" time="0.0"/>
  <testcase name="testCase01" classname="objectos.asciidoc.PreambleTest" time="0.003"/>
  <testcase name="testCase01" classname="objectos.asciidoc.PreambleTest" time="0.033"/>
  <testcase name="testCase01" classname="objectos.asciidoc.UrlMacroTest" time="0.008"/>
  <testcase name="testCase01" classname="objectos.asciidoc.UrlMacroTest" time="0.001"/>
  <testcase name="testCase02" classname="objectos.asciidoc.UrlMacroTest" time="0.007"/>
  <testcase name="testCase02" classname="objectos.asciidoc.UrlMacroTest" time="0.0"/>
  <testcase name="testCase03" classname="objectos.asciidoc.UrlMacroTest" time="0.007"/>
  <testcase name="testCase03" classname="objectos.asciidoc.UrlMacroTest" time="0.0"/>
  <testcase name="testCase01" classname="objectos.asciidoc.SectionTest" time="0.002"/>
  <testcase name="testCase01" classname="objectos.asciidoc.SectionTest" time="0.091"/>
  <testcase name="testCase02" classname="objectos.asciidoc.SectionTest" time="0.001"/>
  <testcase name="testCase02" classname="objectos.asciidoc.SectionTest" time="0.03"/>
  <testcase name="testCase03" classname="objectos.asciidoc.SectionTest" time="0.001"/>
  <testcase name="testCase03" classname="objectos.asciidoc.SectionTest" time="0.01"/>
  <testcase name="testCase04" classname="objectos.asciidoc.SectionTest" time="0.001"/>
  <testcase name="testCase04" classname="objectos.asciidoc.SectionTest" time="0.015"/>
  <testcase name="testCase05" classname="objectos.asciidoc.SectionTest" time="0.001"/>
  <testcase name="testCase05" classname="objectos.asciidoc.SectionTest" time="0.01"/>
  <testcase name="testCase06" classname="objectos.asciidoc.SectionTest" time="0.001"/>
  <testcase name="testCase06" classname="objectos.asciidoc.SectionTest" time="0.037"/>
  <testcase name="testCase07" classname="objectos.asciidoc.SectionTest" time="0.001"/>
  <testcase name="testCase07" classname="objectos.asciidoc.SectionTest" time="0.021"/>
  <testcase name="testCase08" classname="objectos.asciidoc.SectionTest" time="0.0"/>
  <testcase name="testCase08" classname="objectos.asciidoc.SectionTest" time="0.014"/>
  <testcase name="testCase09" classname="objectos.asciidoc.SectionTest" time="0.001"/>
  <testcase name="testCase09" classname="objectos.asciidoc.SectionTest" time="0.012"/>
  <testcase name="testCase10" classname="objectos.asciidoc.SectionTest" time="0.0"/>
  <testcase name="testCase10" classname="objectos.asciidoc.SectionTest" time="0.01"/>
  <testcase name="testCase11" classname="objectos.asciidoc.SectionTest" time="0.002"/>
  <testcase name="testCase11" classname="objectos.asciidoc.SectionTest" time="0.017"/>
  <testcase name="testCase01" classname="objectos.asciidoc.UnorderedListTest" time="0.008"/>
  <testcase name="testCase01" classname="objectos.asciidoc.UnorderedListTest" time="0.001"/>
  <testcase name="testCase02" classname="objectos.asciidoc.UnorderedListTest" time="0.013"/>
  <testcase name="testCase02" classname="objectos.asciidoc.UnorderedListTest" time="0.0"/>
  <testcase name="testCase03" classname="objectos.asciidoc.UnorderedListTest" time="0.007"/>
  <testcase name="testCase03" classname="objectos.asciidoc.UnorderedListTest" time="0.0"/>
  <testcase name="testCase04" classname="objectos.asciidoc.UnorderedListTest" time="0.008"/>
  <testcase name="testCase04" classname="objectos.asciidoc.UnorderedListTest" time="0.001"/>
  <testcase name="testCase05" classname="objectos.asciidoc.UnorderedListTest" time="0.008"/>
  <testcase name="testCase05" classname="objectos.asciidoc.UnorderedListTest" time="0.001"/>
  <testcase name="testCase06" classname="objectos.asciidoc.UnorderedListTest" time="0.008"/>
  <testcase name="testCase06" classname="objectos.asciidoc.UnorderedListTest" time="0.0"/>
  <testcase name="testCase07" classname="objectos.asciidoc.UnorderedListTest" time="0.007"/>
  <testcase name="testCase07" classname="objectos.asciidoc.UnorderedListTest" time="0.001"/>
  <testcase name="testCase08" classname="objectos.asciidoc.UnorderedListTest" time="0.039"/>
  <testcase name="testCase08" classname="objectos.asciidoc.UnorderedListTest" time="0.0"/>
  <testcase name="testCase09" classname="objectos.asciidoc.UnorderedListTest" time="0.013"/>
  <testcase name="testCase09" classname="objectos.asciidoc.UnorderedListTest" time="0.0"/>
  <testcase name="testCase10" classname="objectos.asciidoc.UnorderedListTest" time="0.027"/>
  <testcase name="testCase10" classname="objectos.asciidoc.UnorderedListTest" time="0.0"/>
  <testcase name="testCase11" classname="objectos.asciidoc.UnorderedListTest" time="0.011"/>
  <testcase name="testCase11" classname="objectos.asciidoc.UnorderedListTest" time="0.001"/>
  <testcase name="testCase12" classname="objectos.asciidoc.UnorderedListTest" time="0.012"/>
  <testcase name="testCase12" classname="objectos.asciidoc.UnorderedListTest" time="0.001"/>
  <testcase name="testCase13" classname="objectos.asciidoc.UnorderedListTest" time="0.011"/>
  <testcase name="testCase13" classname="objectos.asciidoc.UnorderedListTest" time="0.0"/>
  <testcase name="testCase14" classname="objectos.asciidoc.UnorderedListTest" time="0.011"/>
  <testcase name="testCase14" classname="objectos.asciidoc.UnorderedListTest" time="0.001"/>
  <testcase name="testCase15" classname="objectos.asciidoc.UnorderedListTest" time="0.015"/>
  <testcase name="testCase15" classname="objectos.asciidoc.UnorderedListTest" time="0.0"/>
  <testcase name="testCase01" classname="objectos.asciidoc.InlineMacroTest" time="0.011"/>
  <testcase name="testCase01" classname="objectos.asciidoc.InlineMacroTest" time="0.0"/>
  <testcase name="testCase02" classname="objectos.asciidoc.InlineMacroTest" time="0.01"/>
  <testcase name="testCase02" classname="objectos.asciidoc.InlineMacroTest" time="0.0"/>
  <testcase name="testCase03" classname="objectos.asciidoc.InlineMacroTest" time="0.01"/>
  <testcase name="testCase03" classname="objectos.asciidoc.InlineMacroTest" time="0.001"/>
  <testcase name="testCase04" classname="objectos.asciidoc.InlineMacroTest" time="0.006"/>
  <testcase name="testCase04" classname="objectos.asciidoc.InlineMacroTest" time="0.001"/>
  <testcase name="testCase05" classname="objectos.asciidoc.InlineMacroTest" time="0.006"/>
  <testcase name="testCase05" classname="objectos.asciidoc.InlineMacroTest" time="0.0"/>
  <testcase name="testCase06" classname="objectos.asciidoc.InlineMacroTest" time="0.006"/>
  <testcase name="testCase06" classname="objectos.asciidoc.InlineMacroTest" time="0.0"/>
  <testcase name="testCase07" classname="objectos.asciidoc.InlineMacroTest" time="0.005"/>
  <testcase name="testCase07" classname="objectos.asciidoc.InlineMacroTest" time="0.001"/>
  <testcase name="testCase08" classname="objectos.asciidoc.InlineMacroTest" time="0.029"/>
  <testcase name="testCase08" classname="objectos.asciidoc.InlineMacroTest" time="0.0"/>
  <testcase name="testCase09" classname="objectos.asciidoc.InlineMacroTest" time="0.006"/>
  <testcase name="testCase09" classname="objectos.asciidoc.InlineMacroTest" time="0.0"/>
  <testcase name="testCase01" classname="objectos.asciidoc.ConstrainedBoldTest" time="0.008"/>
  <testcase name="testCase01" classname="objectos.asciidoc.ConstrainedBoldTest" time="0.0"/>
  <testcase name="testCase02" classname="objectos.asciidoc.ConstrainedBoldTest" time="0.005"/>
  <testcase name="testCase02" classname="objectos.asciidoc.ConstrainedBoldTest" time="0.0"/>
  <testcase name="testCase03" classname="objectos.asciidoc.ConstrainedBoldTest" time="0.006"/>
  <testcase name="testCase03" classname="objectos.asciidoc.ConstrainedBoldTest" time="0.0"/>
</testsuite>