<?xml version="1.0" encoding="UTF-8"?>
<!-- Generated by org.testng.reporters.JUnitReportReporter -->
<testsuite hostname="eto001" failures="0" tests="2" name="objectos.html.internal.WriterTest" time="0.002" errors="0" timestamp="2023-08-18T13:50:36 BRT" skipped="0">
  <testcase classname="objectos.html.internal.WriterTest" name="writeAttributeValue" time="0.001"/>
  <system-out/>
  <testcase classname="objectos.html.internal.WriterTest" name="writeText" time="0.001"/>
  <system-out/>
</testsuite> <!-- objectos.html.internal.WriterTest -->
