<?xml version="1.0" encoding="UTF-8"?>
<!-- Generated by org.testng.reporters.JUnitReportReporter -->
<testsuite hostname="eto001" failures="0" tests="10" name="objectos.html.internal.InternalCompiledHtmlTest" time="0.009" errors="0" timestamp="2023-08-18T13:50:36 BRT" skipped="0">
  <testcase classname="objectos.html.internal.InternalCompiledHtmlTest" name="testCase03" time="0.000"/>
  <system-out/>
  <testcase classname="objectos.html.internal.InternalCompiledHtmlTest" name="testCase08" time="0.001"/>
  <system-out/>
  <testcase classname="objectos.html.internal.InternalCompiledHtmlTest" name="testCase02" time="0.001"/>
  <system-out/>
  <testcase classname="objectos.html.internal.InternalCompiledHtmlTest" name="testCase04" time="0.001"/>
  <system-out/>
  <testcase classname="objectos.html.internal.InternalCompiledHtmlTest" name="testCase09" time="0.001"/>
  <system-out/>
  <testcase classname="objectos.html.internal.InternalCompiledHtmlTest" name="testCase07" time="0.000"/>
  <system-out/>
  <testcase classname="objectos.html.internal.InternalCompiledHtmlTest" name="testCase01" time="0.003"/>
  <system-out/>
  <testcase classname="objectos.html.internal.InternalCompiledHtmlTest" name="testCase05" time="0.000"/>
  <system-out/>
  <testcase classname="objectos.html.internal.InternalCompiledHtmlTest" name="testCase10" time="0.001"/>
  <system-out/>
  <testcase classname="objectos.html.internal.InternalCompiledHtmlTest" name="testCase06" time="0.001"/>
  <system-out/>
</testsuite> <!-- objectos.html.internal.InternalCompiledHtmlTest -->
