<?xml version="1.0" encoding="UTF-8"?>
<!-- Generated by org.testng.reporters.JUnitReportReporter -->
<testsuite hostname="eto001" failures="0" tests="47" name="objectos.html.HtmlTemplateTest" time="0.058" errors="0" timestamp="2023-08-18T13:50:36 BRT" skipped="1">
  <testcase classname="objectos.html.HtmlTemplateTest" name="testCase03" time="0.001"/>
  <system-out/>
  <testcase classname="objectos.html.HtmlTemplateTest" name="testCase01" time="0.000"/>
  <system-out/>
  <testcase classname="objectos.html.HtmlTemplateTest" name="testCase30" time="0.001"/>
  <system-out/>
  <testcase classname="objectos.html.HtmlTemplateTest" name="testCase14" time="0.001"/>
  <system-out/>
  <testcase classname="objectos.html.HtmlTemplateTest" name="testCase18" time="0.001"/>
  <system-out/>
  <testcase classname="objectos.html.HtmlTemplateTest" name="testCase19" time="0.000"/>
  <system-out/>
  <testcase classname="objectos.html.HtmlTemplateTest" name="testCase39" time="0.001"/>
  <system-out/>
  <testcase classname="objectos.html.HtmlTemplateTest" name="testCase23" time="0.016"/>
  <system-out/>
  <testcase classname="objectos.html.HtmlTemplateTest" name="testCase28" time="0.001"/>
  <system-out/>
  <testcase classname="objectos.html.HtmlTemplateTest" name="testCase43" time="0.001"/>
  <system-out/>
  <testcase classname="objectos.html.HtmlTemplateTest" name="testCase09" time="0.001"/>
  <system-out/>
  <testcase classname="objectos.html.HtmlTemplateTest" name="testCase06" time="0.000"/>
  <system-out/>
  <testcase classname="objectos.html.HtmlTemplateTest" name="testCase38" time="0.000"/>
  <system-out/>
  <testcase classname="objectos.html.HtmlTemplateTest" name="testCase15" time="0.000"/>
  <system-out/>
  <testcase classname="objectos.html.HtmlTemplateTest" name="testCase42" time="0.001"/>
  <system-out/>
  <testcase classname="objectos.html.HtmlTemplateTest" name="testCase02" time="0.001"/>
  <system-out/>
  <testcase classname="objectos.html.HtmlTemplateTest" name="testCase12" time="0.002"/>
  <system-out/>
  <testcase classname="objectos.html.HtmlTemplateTest" name="testCase34" time="0.001"/>
  <system-out/>
  <testcase classname="objectos.html.HtmlTemplateTest" name="testCase32" time="0.000"/>
  <system-out/>
  <testcase classname="objectos.html.HtmlTemplateTest" name="testCase44" time="0.002"/>
  <system-out/>
  <testcase classname="objectos.html.HtmlTemplateTest" name="testCase21" time="0.000"/>
  <system-out/>
  <testcase classname="objectos.html.HtmlTemplateTest" name="testCase04" time="0.000"/>
  <system-out/>
  <testcase classname="objectos.html.HtmlTemplateTest" name="testCase16" time="0.001"/>
  <system-out/>
  <testcase classname="objectos.html.HtmlTemplateTest" name="testCase36" time="0.001"/>
  <system-out/>
  <testcase classname="objectos.html.HtmlTemplateTest" name="testCase40" time="0.001"/>
  <system-out/>
  <testcase classname="objectos.html.HtmlTemplateTest" name="testCase08" time="0.001"/>
  <system-out/>
  <testcase classname="objectos.html.HtmlTemplateTest" name="testCase31" time="0.001"/>
  <system-out/>
  <testcase classname="objectos.html.HtmlTemplateTest" name="testCase26" time="0.002"/>
  <system-out/>
  <testcase classname="objectos.html.HtmlTemplateTest" name="testCase45" time="0.003"/>
  <system-out/>
  <testcase classname="objectos.html.HtmlTemplateTest" name="testCase46" time="0.001"/>
  <system-out/>
  <testcase classname="objectos.html.HtmlTemplateTest" name="testCase10" time="0.001"/>
  <system-out/>
  <testcase classname="objectos.html.HtmlTemplateTest" name="testCase13" time="0.001"/>
  <system-out/>
  <testcase classname="objectos.html.HtmlTemplateTest" name="testCase17" time="0.001"/>
  <system-out/>
  <testcase classname="objectos.html.HtmlTemplateTest" name="testCase25" time="0.000"/>
  <system-out/>
  <testcase classname="objectos.html.HtmlTemplateTest" name="testCase20" time="0.002"/>
  <system-out/>
  <testcase classname="objectos.html.HtmlTemplateTest" name="testCase35" time="0.001"/>
  <system-out/>
  <testcase classname="objectos.html.HtmlTemplateTest" name="testCase00" time="0.001"/>
  <system-out/>
  <testcase classname="objectos.html.HtmlTemplateTest" name="testCase11" time="0.002"/>
  <system-out/>
  <testcase classname="objectos.html.HtmlTemplateTest" name="testCase37" time="0.001"/>
  <system-out/>
  <testcase classname="objectos.html.HtmlTemplateTest" name="testCase41" time="0.001"/>
  <system-out/>
  <testcase classname="objectos.html.HtmlTemplateTest" name="testCase05" time="0.001"/>
  <system-out/>
  <testcase classname="objectos.html.HtmlTemplateTest" name="testCase29" time="0.002"/>
  <system-out/>
  <testcase classname="objectos.html.HtmlTemplateTest" name="testCase22" time="0.001"/>
  <system-out/>
  <testcase classname="objectos.html.HtmlTemplateTest" name="testCase07" time="0.000"/>
  <system-out/>
  <testcase classname="objectos.html.HtmlTemplateTest" name="testCase24" time="0.001"/>
  <system-out/>
  <testcase classname="objectos.html.HtmlTemplateTest" name="testCase27" time="0.000"/>
  <system-out/>
  <testcase classname="objectos.html.HtmlTemplateTest" name="testCase33">
    <skipped/>
  </testcase> <!-- testCase33 -->
  <system-out/>
</testsuite> <!-- objectos.html.HtmlTemplateTest -->
