<?xml version="1.0" encoding="UTF-8"?>
<!-- Generated by org.testng.reporters.JUnitReportReporter -->
<testsuite hostname="eto001" failures="0" tests="10" name="objectos.html.internal.PrettyPrintWriterTest" time="0.014" errors="0" timestamp="2023-08-15T14:13:47 BRT" skipped="0">
  <testcase classname="objectos.html.internal.PrettyPrintWriterTest" name="testCase05" time="0.001"/>
  <system-out/>
  <testcase classname="objectos.html.internal.PrettyPrintWriterTest" name="testCase06" time="0.001"/>
  <system-out/>
  <testcase classname="objectos.html.internal.PrettyPrintWriterTest" name="testCase03" time="0.001"/>
  <system-out/>
  <testcase classname="objectos.html.internal.PrettyPrintWriterTest" name="testCase07" time="0.000"/>
  <system-out/>
  <testcase classname="objectos.html.internal.PrettyPrintWriterTest" name="testCase01" time="0.006"/>
  <system-out/>
  <testcase classname="objectos.html.internal.PrettyPrintWriterTest" name="testCase04" time="0.001"/>
  <system-out/>
  <testcase classname="objectos.html.internal.PrettyPrintWriterTest" name="testCase10" time="0.001"/>
  <system-out/>
  <testcase classname="objectos.html.internal.PrettyPrintWriterTest" name="testCase09" time="0.001"/>
  <system-out/>
  <testcase classname="objectos.html.internal.PrettyPrintWriterTest" name="testCase02" time="0.001"/>
  <system-out/>
  <testcase classname="objectos.html.internal.PrettyPrintWriterTest" name="testCase08" time="0.001"/>
  <system-out/>
</testsuite> <!-- objectos.html.internal.PrettyPrintWriterTest -->
