<?xml version="1.0" encoding="UTF-8"?>
<!-- Generated by org.testng.reporters.JUnitReportReporter -->
<testsuite hostname="eto001" failures="0" tests="14" name="objectos.html.internal.HtmlCompiler01Test" time="0.053" errors="0" timestamp="2023-08-18T13:50:36 BRT" skipped="0">
  <testcase classname="objectos.html.internal.HtmlCompiler01Test" name="testCase09" time="0.000"/>
  <system-out/>
  <testcase classname="objectos.html.internal.HtmlCompiler01Test" name="testCase03" time="0.000"/>
  <system-out/>
  <testcase classname="objectos.html.internal.HtmlCompiler01Test" name="testCase46" time="0.000"/>
  <system-out/>
  <testcase classname="objectos.html.internal.HtmlCompiler01Test" name="testCase31" time="0.000"/>
  <system-out/>
  <testcase classname="objectos.html.internal.HtmlCompiler01Test" name="testCase13" time="0.001"/>
  <system-out/>
  <testcase classname="objectos.html.internal.HtmlCompiler01Test" name="testCase16" time="0.003"/>
  <system-out/>
  <testcase classname="objectos.html.internal.HtmlCompiler01Test" name="testCase10" time="0.002"/>
  <system-out/>
  <testcase classname="objectos.html.internal.HtmlCompiler01Test" name="testCase25" time="0.001"/>
  <system-out/>
  <testcase classname="objectos.html.internal.HtmlCompiler01Test" name="testCase14" time="0.000"/>
  <system-out/>
  <testcase classname="objectos.html.internal.HtmlCompiler01Test" name="testCase01" time="0.028"/>
  <system-out/>
  <testcase classname="objectos.html.internal.HtmlCompiler01Test" name="testCase00" time="0.013"/>
  <system-out/>
  <testcase classname="objectos.html.internal.HtmlCompiler01Test" name="testCase02" time="0.001"/>
  <system-out/>
  <testcase classname="objectos.html.internal.HtmlCompiler01Test" name="testCase47" time="0.001"/>
  <system-out/>
  <testcase classname="objectos.html.internal.HtmlCompiler01Test" name="testCase20" time="0.003"/>
  <system-out/>
</testsuite> <!-- objectos.html.internal.HtmlCompiler01Test -->
