<?xml version="1.0" encoding="UTF-8"?>
<!-- Generated by org.testng.reporters.JUnitReportReporter -->
<testsuite hostname="eto001" failures="0" tests="4" name="objectos.html.HtmlSinkTest" time="0.009" errors="0" timestamp="2023-08-15T16:00:06 BRT" skipped="0">
  <testcase classname="objectos.html.HtmlSinkTest" name="toProcessor01" time="0.001"/>
  <system-out/>
  <testcase classname="objectos.html.HtmlSinkTest" name="toDirectory01" time="0.004"/>
  <system-out/>
  <testcase classname="objectos.html.HtmlSinkTest" name="toDirectory03" time="0.001"/>
  <system-out/>
  <testcase classname="objectos.html.HtmlSinkTest" name="toDirectory02" time="0.003"/>
  <system-out/>
</testsuite> <!-- objectos.html.HtmlSinkTest -->
