<?xml version="1.0" encoding="UTF-8"?>
<testsuite xmlns:xsi="http://www.w3.org/2001/XMLSchema-instance" xsi:noNamespaceSchemaLocation="https://maven.apache.org/surefire/maven-surefire-plugin/xsd/surefire-test-report-3.0.xsd" version="3.0" name="TestSuite" time="1.285" tests="76" errors="0" skipped="0" failures="0">
  <properties>
    <property name="java.specification.version" value="20"/>
    <property name="sun.jnu.encoding" value="UTF-8"/>
    <property name="java.class.path" value="/home/mendo/kdo/projetos/objectos/objectos-http/target/test-classes:/home/mendo/.m2/repository/org/slf4j/slf4j-nop/1.7.36/slf4j-nop-1.7.36.jar:/home/mendo/.m2/repository/org/slf4j/slf4j-api/1.7.36/slf4j-api-1.7.36.jar:/home/mendo/.m2/repository/org/testng/testng/7.7.1/testng-7.7.1.jar:/home/mendo/.m2/repository/com/beust/jcommander/1.82/jcommander-1.82.jar:/home/mendo/.m2/repository/org/webjars/jquery/3.6.1/jquery-3.6.1.jar:"/>
    <property name="java.vm.vendor" value="Amazon.com Inc."/>
    <property name="sun.arch.data.model" value="64"/>
    <property name="java.vendor.url" value="https://aws.amazon.com/corretto/"/>
    <property name="user.timezone" value="America/Sao_Paulo"/>
    <property name="os.name" value="Linux"/>
    <property name="java.vm.specification.version" value="20"/>
    <property name="sun.java.launcher" value="SUN_STANDARD"/>
    <property name="user.country" value="US"/>
    <property name="sun.boot.library.path" value="/opt/amazon-corretto-20.0.2.9.1-linux-x64/lib"/>
    <property name="sun.java.command" value="org.apache.maven.surefire.booter.ForkedBooter /home/mendo/kdo/projetos/objectos/objectos-http/target/surefire 2023-08-18T13-49-42_567-jvmRun1 surefire-20230818135103164_25tmp surefire_8-20230818135103164_26tmp"/>
    <property name="jdk.debug" value="release"/>
    <property name="surefire.test.class.path" value="/home/mendo/kdo/projetos/objectos/objectos-http/target/test-classes:/home/mendo/.m2/repository/org/slf4j/slf4j-nop/1.7.36/slf4j-nop-1.7.36.jar:/home/mendo/.m2/repository/org/slf4j/slf4j-api/1.7.36/slf4j-api-1.7.36.jar:/home/mendo/.m2/repository/org/testng/testng/7.7.1/testng-7.7.1.jar:/home/mendo/.m2/repository/com/beust/jcommander/1.82/jcommander-1.82.jar:/home/mendo/.m2/repository/org/webjars/jquery/3.6.1/jquery-3.6.1.jar:"/>
    <property name="sun.cpu.endian" value="little"/>
    <property name="user.home" value="/home/mendo"/>
    <property name="user.language" value="en"/>
    <property name="java.specification.vendor" value="Oracle Corporation"/>
    <property name="jdk.module.path" value="/home/mendo/kdo/projetos/objectos/objectos-http/target/classes:/home/mendo/kdo/projetos/objectos/objectos-lang/target/objectos-lang-0.8.0-SNAPSHOT.jar:/home/mendo/kdo/projetos/objectos/objectos-util/target/objectos-util-0.8.0-SNAPSHOT.jar"/>
    <property name="java.version.date" value="2023-07-18"/>
    <property name="java.home" value="/opt/amazon-corretto-20.0.2.9.1-linux-x64"/>
    <property name="file.separator" value="/"/>
    <property name="basedir" value="/home/mendo/kdo/projetos/objectos/objectos-http"/>
    <property name="java.vm.compressedOopsMode" value="32-bit"/>
    <property name="line.separator" value="&#10;"/>
    <property name="java.vm.specification.vendor" value="Oracle Corporation"/>
    <property name="java.specification.name" value="Java Platform API Specification"/>
    <property name="surefire.real.class.path" value="/home/mendo/.m2/repository/org/apache/maven/surefire/surefire-api/3.1.2/surefire-api-3.1.2.jar:/home/mendo/.m2/repository/org/apache/maven/surefire/surefire-booter/3.1.2/surefire-booter-3.1.2.jar:/home/mendo/.m2/repository/org/apache/maven/surefire/surefire-extensions-spi/3.1.2/surefire-extensions-spi-3.1.2.jar:/home/mendo/.m2/repository/org/apache/maven/surefire/surefire-logger-api/3.1.2/surefire-logger-api-3.1.2.jar:/home/mendo/.m2/repository/org/apache/maven/surefire/surefire-shared-utils/3.1.2/surefire-shared-utils-3.1.2.jar:/home/mendo/kdo/projetos/objectos/objectos-http/target/test-classes:/home/mendo/.m2/repository/org/slf4j/slf4j-nop/1.7.36/slf4j-nop-1.7.36.jar:/home/mendo/.m2/repository/org/slf4j/slf4j-api/1.7.36/slf4j-api-1.7.36.jar:/home/mendo/.m2/repository/org/testng/testng/7.7.1/testng-7.7.1.jar:/home/mendo/.m2/repository/com/beust/jcommander/1.82/jcommander-1.82.jar:/home/mendo/.m2/repository/org/webjars/jquery/3.6.1/jquery-3.6.1.jar:/home/mendo/.m2/repository/org/apache/maven/surefire/surefire-testng/3.1.2/surefire-testng-3.1.2.jar:/home/mendo/.m2/repository/org/apache/maven/surefire/common-java5/3.1.2/common-java5-3.1.2.jar:/home/mendo/.m2/repository/org/apache/maven/surefire/surefire-grouper/3.1.2/surefire-grouper-3.1.2.jar:/home/mendo/.m2/repository/org/apache/maven/surefire/surefire-testng-utils/3.1.2/surefire-testng-utils-3.1.2.jar"/>
    <property name="sun.management.compiler" value="HotSpot 64-Bit Tiered Compilers"/>
    <property name="java.runtime.version" value="20.0.2+9-FR"/>
    <property name="user.name" value="mendo"/>
    <property name="stdout.encoding" value="UTF-8"/>
    <property name="path.separator" value=":"/>
    <property name="os.version" value="6.1.41-gentoo"/>
    <property name="java.runtime.name" value="OpenJDK Runtime Environment"/>
    <property name="file.encoding" value="UTF-8"/>
    <property name="java.vm.name" value="OpenJDK 64-Bit Server VM"/>
    <property name="java.vendor.version" value="Corretto-20.0.2.9.1"/>
    <property name="localRepository" value="/home/mendo/.m2/repository"/>
    <property name="java.vendor.url.bug" value="https://github.com/corretto/corretto-20/issues/"/>
    <property name="java.io.tmpdir" value="/tmp"/>
    <property name="java.version" value="20.0.2"/>
    <property name="user.dir" value="/home/mendo/kdo/projetos/objectos/objectos-http"/>
    <property name="os.arch" value="amd64"/>
    <property name="java.vm.specification.name" value="Java Virtual Machine Specification"/>
    <property name="native.encoding" value="UTF-8"/>
    <property name="java.library.path" value="/usr/java/packages/lib:/usr/lib64:/lib64:/lib:/usr/lib"/>
    <property name="java.vm.info" value="mixed mode"/>
    <property name="stderr.encoding" value="UTF-8"/>
    <property name="java.vendor" value="Amazon.com Inc."/>
    <property name="java.vm.version" value="20.0.2+9-FR"/>
    <property name="sun.io.unicode.encoding" value="UnicodeLittle"/>
    <property name="java.class.version" value="64.0"/>
  </properties>
  <testcase name="unsignedLongValue" classname="objectos.http.internal.HeaderValueTest" time="0.007"/>
  <testcase name="http001" classname="objectos.http.internal.HttpExchangeResultTest" time="0.029"/>
  <testcase name="result" classname="objectos.http.internal.HttpExchangeResultTest" time="0.0"/>
  <testcase name="resultToSetup" classname="objectos.http.internal.HttpExchangeResultTest" time="0.0"/>
  <testcase name="http001" classname="objectos.http.internal.HttpExchangeOutputTest" time="0.001"/>
  <testcase name="http002" classname="objectos.http.internal.HttpExchangeOutputTest" time="0.002"/>
  <testcase name="output" classname="objectos.http.internal.HttpExchangeOutputTest" time="0.001"/>
  <testcase name="outputBody" classname="objectos.http.internal.HttpExchangeOutputTest" time="0.0"/>
  <testcase name="outputBodyToErrorWrite" classname="objectos.http.internal.HttpExchangeOutputTest" time="0.001"/>
  <testcase name="outputBuffer" classname="objectos.http.internal.HttpExchangeOutputTest" time="0.001"/>
  <testcase name="outputBufferToClose" classname="objectos.http.internal.HttpExchangeOutputTest" time="0.001"/>
  <testcase name="outputBufferToCloseOnWrite" classname="objectos.http.internal.HttpExchangeOutputTest" time="0.001"/>
  <testcase name="outputHeader" classname="objectos.http.internal.HttpExchangeOutputTest" time="0.001"/>
  <testcase name="outputHeaderToOutputBufferBufferFull" classname="objectos.http.internal.HttpExchangeOutputTest" time="0.0"/>
  <testcase name="outputHeaderToOutputTerminator" classname="objectos.http.internal.HttpExchangeOutputTest" time="0.001"/>
  <testcase name="outputStatus" classname="objectos.http.internal.HttpExchangeOutputTest" time="0.001"/>
  <testcase name="outputTerminator" classname="objectos.http.internal.HttpExchangeOutputTest" time="0.001"/>
  <testcase name="outputTerminatorToOutputBuffer" classname="objectos.http.internal.HttpExchangeOutputTest" time="0.0"/>
  <testcase name="http001" classname="objectos.http.internal.HttpExchangeSetupTest" time="0.001"/>
  <testcase name="setup01" classname="objectos.http.internal.HttpExchangeSetupTest" time="0.001"/>
  <testcase name="http001" classname="objectos.http.internal.HttpExchangeParseHeaderTest" time="0.001"/>
  <testcase name="http006" classname="objectos.http.internal.HttpExchangeParseHeaderTest" time="0.0"/>
  <testcase name="parseHeader" classname="objectos.http.internal.HttpExchangeParseHeaderTest" time="0.0"/>
  <testcase name="parseHeaderName" classname="objectos.http.internal.HttpExchangeParseHeaderTest" time="0.001"/>
  <testcase name="parseHeaderNameToClientErrorBadRequest" classname="objectos.http.internal.HttpExchangeParseHeaderTest" time="0.0"/>
  <testcase name="parseHeaderNameToInputRead" classname="objectos.http.internal.HttpExchangeParseHeaderTest" time="0.0"/>
  <testcase name="parseHeaderNameToParseHeaderValue" classname="objectos.http.internal.HttpExchangeParseHeaderTest" time="0.0"/>
  <testcase name="parseHeaderToClientErrorBadRequest" classname="objectos.http.internal.HttpExchangeParseHeaderTest" time="0.0"/>
  <testcase name="parseHeaderToHandle" classname="objectos.http.internal.HttpExchangeParseHeaderTest" time="0.001"/>
  <testcase name="parseHeaderToInputRead" classname="objectos.http.internal.HttpExchangeParseHeaderTest" time="0.0"/>
  <testcase name="parseHeaderValue" classname="objectos.http.internal.HttpExchangeParseHeaderTest" time="0.0"/>
  <testcase name="parseHeaderValueEmptyValue" classname="objectos.http.internal.HttpExchangeParseHeaderTest" time="0.0"/>
  <testcase name="parseHeaderValueHeaderNameIsUnknown" classname="objectos.http.internal.HttpExchangeParseHeaderTest" time="0.001"/>
  <testcase name="parseHeaderValueToClientErrorBadRequest" classname="objectos.http.internal.HttpExchangeParseHeaderTest" time="0.001"/>
  <testcase name="parseHeaderValueToInputRead" classname="objectos.http.internal.HttpExchangeParseHeaderTest" time="0.001"/>
  <testcase name="http001" classname="objectos.http.internal.HttpExchangeRequestLineTest" time="0.001"/>
  <testcase name="http006" classname="objectos.http.internal.HttpExchangeRequestLineTest" time="0.0"/>
  <testcase name="requestLine" classname="objectos.http.internal.HttpExchangeRequestLineTest" time="0.001"/>
  <testcase name="requestLineMethod" classname="objectos.http.internal.HttpExchangeRequestLineTest" time="0.001"/>
  <testcase name="requestLineMethodP" classname="objectos.http.internal.HttpExchangeRequestLineTest" time="0.001"/>
  <testcase name="requestLineMethodPToInputRead" classname="objectos.http.internal.HttpExchangeRequestLineTest" time="0.001"/>
  <testcase name="requestLineMethodToClientErrorBadRequest" classname="objectos.http.internal.HttpExchangeRequestLineTest" time="0.001"/>
  <testcase name="requestLineMethodToInputRead" classname="objectos.http.internal.HttpExchangeRequestLineTest" time="0.001"/>
  <testcase name="requestLineTarget" classname="objectos.http.internal.HttpExchangeRequestLineTest" time="0.0"/>
  <testcase name="requestLineTargetToClientErrorUriTooLong" classname="objectos.http.internal.HttpExchangeRequestLineTest" time="0.0"/>
  <testcase name="requestLineTargetToInputRead" classname="objectos.http.internal.HttpExchangeRequestLineTest" time="0.0"/>
  <testcase name="requestLineToClientErrorBadRequest" classname="objectos.http.internal.HttpExchangeRequestLineTest" time="0.0"/>
  <testcase name="requestLineToRequestLineMethodP" classname="objectos.http.internal.HttpExchangeRequestLineTest" time="0.0"/>
  <testcase name="requestLineVersion01" classname="objectos.http.internal.HttpExchangeRequestLineTest" time="0.0"/>
  <testcase name="requestLineVersion02LF" classname="objectos.http.internal.HttpExchangeRequestLineTest" time="0.0"/>
  <testcase name="requestLineVersionToClientErrorBadRequest" classname="objectos.http.internal.HttpExchangeRequestLineTest" time="0.0"/>
  <testcase name="requestLineVersionToClientErrorUriTooLong" classname="objectos.http.internal.HttpExchangeRequestLineTest" time="0.0"/>
  <testcase name="requestLineVersionToInputRead" classname="objectos.http.internal.HttpExchangeRequestLineTest" time="0.0"/>
  <testcase name="toLowerCase" classname="objectos.http.internal.BytesTest" time="0.0"/>
  <testcase name="http002" classname="objectos.http.internal.HttpChunkedCharsTest" time="0.001"/>
  <testcase name="http003" classname="objectos.http.internal.HttpExchangeTest" time="0.0"/>
  <testcase name="http004" classname="objectos.http.internal.HttpExchangeTest" time="0.001"/>
  <testcase name="testCase01" classname="objectos.http.internal.ServerSocketThreadTest" time="0.027"/>
  <testcase name="http006" classname="objectos.http.internal.HttpExchangeRequestBodyTest" time="0.001"/>
  <testcase name="handle" classname="objectos.http.internal.HttpExchangeHandleTest" time="0.001"/>
  <testcase name="handleInvoke" classname="objectos.http.internal.HttpExchangeHandleTest" time="0.001"/>
  <testcase name="http001" classname="objectos.http.internal.HttpExchangeHandleTest" time="0.022"/>
  <testcase name="http004" classname="objectos.http.internal.HttpExchangeHandleTest" time="0.001"/>
  <testcase name="http001" classname="objectos.http.internal.HttpExchangeInputTest" time="0.001"/>
  <testcase name="input" classname="objectos.http.internal.HttpExchangeInputTest" time="0.001"/>
  <testcase name="inputRead01" classname="objectos.http.internal.HttpExchangeInputTest" time="0.001"/>
  <testcase name="inputRead02" classname="objectos.http.internal.HttpExchangeInputTest" time="0.001"/>
  <testcase name="inputRead03" classname="objectos.http.internal.HttpExchangeInputTest" time="0.0"/>
  <testcase name="testCase01" classname="objectos.http.util.UrlEncodedFormTest" time="0.008"/>
  <testcase name="testCase02" classname="objectos.http.util.UrlEncodedFormTest" time="0.001"/>
  <testcase name="http001" classname="objectos.http.HttpTest" time="0.015"/>
  <testcase name="http002" classname="objectos.http.HttpTest" time="0.002"/>
  <testcase name="http003" classname="objectos.http.HttpTest" time="0.001"/>
  <testcase name="http004" classname="objectos.http.HttpTest" time="0.014"/>
  <testcase name="http005" classname="objectos.http.HttpTest" time="0.044"/>
  <testcase name="http006" classname="objectos.http.HttpTest" time="0.002"/>
</testsuite>