<?xml version="1.0" encoding="UTF-8"?>
<!-- Generated by org.testng.reporters.JUnitReportReporter -->
<testsuite hostname="eto001" failures="0" tests="14" name="objectos.http.internal.HttpExchangeOutputTest" time="0.008" errors="0" timestamp="2023-08-18T13:51:04 BRT" skipped="0">
  <testcase classname="objectos.http.internal.HttpExchangeOutputTest" name="outputBuffer" time="0.000"/>
  <system-out/>
  <testcase classname="objectos.http.internal.HttpExchangeOutputTest" name="outputTerminatorToOutputBuffer" time="0.001"/>
  <system-out/>
  <testcase classname="objectos.http.internal.HttpExchangeOutputTest" name="outputHeaderToOutputTerminator" time="0.000"/>
  <system-out/>
  <testcase classname="objectos.http.internal.HttpExchangeOutputTest" name="outputBody" time="0.001"/>
  <system-out/>
  <testcase classname="objectos.http.internal.HttpExchangeOutputTest" name="http001" time="0.000"/>
  <system-out/>
  <testcase classname="objectos.http.internal.HttpExchangeOutputTest" name="outputBufferToClose" time="0.001"/>
  <system-out/>
  <testcase classname="objectos.http.internal.HttpExchangeOutputTest" name="outputBufferToCloseOnWrite" time="0.001"/>
  <system-out/>
  <testcase classname="objectos.http.internal.HttpExchangeOutputTest" name="outputHeaderToOutputBufferBufferFull" time="0.000"/>
  <system-out/>
  <testcase classname="objectos.http.internal.HttpExchangeOutputTest" name="output" time="0.000"/>
  <system-out/>
  <testcase classname="objectos.http.internal.HttpExchangeOutputTest" name="outputStatus" time="0.000"/>
  <system-out/>
  <testcase classname="objectos.http.internal.HttpExchangeOutputTest" name="outputBodyToErrorWrite" time="0.000"/>
  <system-out/>
  <testcase classname="objectos.http.internal.HttpExchangeOutputTest" name="outputHeader" time="0.001"/>
  <system-out/>
  <testcase classname="objectos.http.internal.HttpExchangeOutputTest" name="http002" time="0.002"/>
  <system-out/>
  <testcase classname="objectos.http.internal.HttpExchangeOutputTest" name="outputTerminator" time="0.001"/>
  <system-out/>
</testsuite> <!-- objectos.http.internal.HttpExchangeOutputTest -->
