<?xml version="1.0" encoding="UTF-8"?>
<!-- Generated by org.testng.reporters.JUnitReportReporter -->
<testsuite hostname="eto001" failures="0" tests="3" name="objectos.http.internal.HttpExchangeResultTest" time="0.029" errors="0" timestamp="2023-08-18T13:51:04 BRT" skipped="0">
  <testcase classname="objectos.http.internal.HttpExchangeResultTest" name="result" time="0.001"/>
  <system-out/>
  <testcase classname="objectos.http.internal.HttpExchangeResultTest" name="resultToSetup" time="0.000"/>
  <system-out/>
  <testcase classname="objectos.http.internal.HttpExchangeResultTest" name="http001" time="0.028"/>
  <system-out/>
</testsuite> <!-- objectos.http.internal.HttpExchangeResultTest -->
