<?xml version="1.0" encoding="UTF-8"?>
<!-- Generated by org.testng.reporters.JUnitReportReporter -->
<testsuite hostname="eto001" failures="0" tests="4" name="objectos.http.internal.HttpExchangeHandleTest" time="0.025" errors="0" timestamp="2023-08-18T13:51:04 BRT" skipped="0">
  <testcase classname="objectos.http.internal.HttpExchangeHandleTest" name="http004" time="0.001"/>
  <system-out/>
  <testcase classname="objectos.http.internal.HttpExchangeHandleTest" name="http001" time="0.021"/>
  <system-out/>
  <testcase classname="objectos.http.internal.HttpExchangeHandleTest" name="handleInvoke" time="0.002"/>
  <system-out/>
  <testcase classname="objectos.http.internal.HttpExchangeHandleTest" name="handle" time="0.001"/>
  <system-out/>
</testsuite> <!-- objectos.http.internal.HttpExchangeHandleTest -->
