<?xml version="1.0" encoding="UTF-8"?>
<!-- Generated by org.testng.reporters.JUnitReportReporter -->
<testsuite hostname="eto001" failures="0" tests="2" name="objectos.http.internal.HttpExchangeSetupTest" time="0.001" errors="0" timestamp="2023-08-18T13:51:04 BRT" skipped="0">
  <testcase classname="objectos.http.internal.HttpExchangeSetupTest" name="http001" time="0.000"/>
  <system-out/>
  <testcase classname="objectos.http.internal.HttpExchangeSetupTest" name="setup01" time="0.001"/>
  <system-out/>
</testsuite> <!-- objectos.http.internal.HttpExchangeSetupTest -->
