<?xml version="1.0" encoding="UTF-8"?>
<!-- Generated by org.testng.reporters.JUnitReportReporter -->
<testsuite hostname="eto001" failures="0" tests="1" name="objectos.http.internal.HttpExchangeRequestBodyTest" time="0.001" errors="0" timestamp="2023-08-18T13:51:04 BRT" skipped="0">
  <testcase classname="objectos.http.internal.HttpExchangeRequestBodyTest" name="http006" time="0.001"/>
  <system-out/>
</testsuite> <!-- objectos.http.internal.HttpExchangeRequestBodyTest -->
