<?xml version="1.0" encoding="UTF-8"?>
<!-- Generated by org.testng.reporters.JUnitReportReporter -->
<testsuite hostname="eto001" failures="0" tests="6" name="objectos.http.HttpTest" time="0.077" errors="0" timestamp="2023-08-18T13:51:04 BRT" skipped="0">
  <testcase classname="objectos.http.HttpTest" name="http004" time="0.014"/>
  <system-out/>
  <testcase classname="objectos.http.HttpTest" name="http001" time="0.014"/>
  <system-out/>
  <testcase classname="objectos.http.HttpTest" name="http005" time="0.045"/>
  <system-out/>
  <testcase classname="objectos.http.HttpTest" name="http003" time="0.001"/>
  <system-out/>
  <testcase classname="objectos.http.HttpTest" name="http002" time="0.001"/>
  <system-out/>
  <testcase classname="objectos.http.HttpTest" name="http006" time="0.002"/>
  <system-out/>
</testsuite> <!-- objectos.http.HttpTest -->
