<?xml version="1.0" encoding="UTF-8"?>
<!-- Generated by org.testng.reporters.JUnitReportReporter -->
<testsuite hostname="eto001" failures="0" tests="2" name="objectos.http.util.UrlEncodedFormTest" time="0.007" errors="0" timestamp="2023-08-18T13:51:04 BRT" skipped="0">
  <testcase classname="objectos.http.util.UrlEncodedFormTest" name="testCase02" time="0.000"/>
  <system-out/>
  <testcase classname="objectos.http.util.UrlEncodedFormTest" name="testCase01" time="0.007"/>
  <system-out/>
</testsuite> <!-- objectos.http.util.UrlEncodedFormTest -->
