<?xml version="1.0" encoding="UTF-8"?>
<!-- Generated by org.testng.reporters.JUnitReportReporter -->
<testsuite hostname="eto001" failures="0" tests="2" name="objectos.http.internal.HttpExchangeTest" time="0.002" errors="0" timestamp="2023-08-18T13:51:04 BRT" skipped="0">
  <testcase classname="objectos.http.internal.HttpExchangeTest" name="http004" time="0.001"/>
  <system-out/>
  <testcase classname="objectos.http.internal.HttpExchangeTest" name="http003" time="0.001"/>
  <system-out/>
</testsuite> <!-- objectos.http.internal.HttpExchangeTest -->
