<?xml version="1.0" encoding="UTF-8"?>
<!-- Generated by org.testng.reporters.JUnitReportReporter -->
<testsuite hostname="eto001" failures="0" tests="18" name="objectos.http.internal.HttpExchangeRequestLineTest" time="0.017" errors="0" timestamp="2023-08-18T13:51:04 BRT" skipped="0">
  <testcase classname="objectos.http.internal.HttpExchangeRequestLineTest" name="http001" time="0.001"/>
  <system-out/>
  <testcase classname="objectos.http.internal.HttpExchangeRequestLineTest" name="requestLineMethodToInputRead" time="0.001"/>
  <system-out/>
  <testcase classname="objectos.http.internal.HttpExchangeRequestLineTest" name="requestLineVersionToClientErrorBadRequest" time="0.001"/>
  <system-out/>
  <testcase classname="objectos.http.internal.HttpExchangeRequestLineTest" name="requestLineToClientErrorBadRequest" time="0.001"/>
  <system-out/>
  <testcase classname="objectos.http.internal.HttpExchangeRequestLineTest" name="requestLineMethodPToInputRead" time="0.000"/>
  <system-out/>
  <testcase classname="objectos.http.internal.HttpExchangeRequestLineTest" name="requestLineMethodP" time="0.001"/>
  <system-out/>
  <testcase classname="objectos.http.internal.HttpExchangeRequestLineTest" name="requestLineVersionToClientErrorUriTooLong" time="0.001"/>
  <system-out/>
  <testcase classname="objectos.http.internal.HttpExchangeRequestLineTest" name="requestLineVersionToInputRead" time="0.001"/>
  <system-out/>
  <testcase classname="objectos.http.internal.HttpExchangeRequestLineTest" name="requestLineMethod" time="0.001"/>
  <system-out/>
  <testcase classname="objectos.http.internal.HttpExchangeRequestLineTest" name="requestLine" time="0.001"/>
  <system-out/>
  <testcase classname="objectos.http.internal.HttpExchangeRequestLineTest" name="requestLineToRequestLineMethodP" time="0.001"/>
  <system-out/>
  <testcase classname="objectos.http.internal.HttpExchangeRequestLineTest" name="requestLineVersion01" time="0.001"/>
  <system-out/>
  <testcase classname="objectos.http.internal.HttpExchangeRequestLineTest" name="requestLineTarget" time="0.001"/>
  <system-out/>
  <testcase classname="objectos.http.internal.HttpExchangeRequestLineTest" name="requestLineTargetToClientErrorUriTooLong" time="0.001"/>
  <system-out/>
  <testcase classname="objectos.http.internal.HttpExchangeRequestLineTest" name="requestLineTargetToInputRead" time="0.001"/>
  <system-out/>
  <testcase classname="objectos.http.internal.HttpExchangeRequestLineTest" name="http006" time="0.001"/>
  <system-out/>
  <testcase classname="objectos.http.internal.HttpExchangeRequestLineTest" name="requestLineVersion02LF" time="0.001"/>
  <system-out/>
  <testcase classname="objectos.http.internal.HttpExchangeRequestLineTest" name="requestLineMethodToClientErrorBadRequest" time="0.001"/>
  <system-out/>
</testsuite> <!-- objectos.http.internal.HttpExchangeRequestLineTest -->
