<?xml version="1.0" encoding="UTF-8"?>
<!-- Generated by org.testng.reporters.JUnitReportReporter -->
<testsuite hostname="eto001" failures="0" tests="1" name="objectos.http.internal.ServerSocketThreadTest" time="0.027" errors="0" timestamp="2023-08-18T13:51:04 BRT" skipped="0">
  <testcase classname="objectos.http.internal.ServerSocketThreadTest" name="testCase01" time="0.027"/>
  <system-out/>
</testsuite> <!-- objectos.http.internal.ServerSocketThreadTest -->
