<?xml version="1.0" encoding="UTF-8"?>
<!-- Generated by org.testng.reporters.JUnitReportReporter -->
<testsuite hostname="eto001" failures="0" tests="5" name="objectos.http.internal.HttpExchangeInputTest" time="0.005" errors="0" timestamp="2023-08-18T13:51:04 BRT" skipped="0">
  <testcase classname="objectos.http.internal.HttpExchangeInputTest" name="http001" time="0.001"/>
  <system-out/>
  <testcase classname="objectos.http.internal.HttpExchangeInputTest" name="inputRead02" time="0.001"/>
  <system-out/>
  <testcase classname="objectos.http.internal.HttpExchangeInputTest" name="inputRead01" time="0.001"/>
  <system-out/>
  <testcase classname="objectos.http.internal.HttpExchangeInputTest" name="inputRead03" time="0.001"/>
  <system-out/>
  <testcase classname="objectos.http.internal.HttpExchangeInputTest" name="input" time="0.001"/>
  <system-out/>
</testsuite> <!-- objectos.http.internal.HttpExchangeInputTest -->
