<?xml version="1.0" encoding="UTF-8"?>
<!-- Generated by org.testng.reporters.JUnitReportReporter -->
<testsuite hostname="eto001" failures="0" tests="15" name="objectos.http.internal.HttpExchangeParseHeaderTest" time="0.007" errors="0" timestamp="2023-08-18T13:51:04 BRT" skipped="0">
  <testcase classname="objectos.http.internal.HttpExchangeParseHeaderTest" name="parseHeaderToInputRead" time="0.001"/>
  <system-out/>
  <testcase classname="objectos.http.internal.HttpExchangeParseHeaderTest" name="parseHeader" time="0.000"/>
  <system-out/>
  <testcase classname="objectos.http.internal.HttpExchangeParseHeaderTest" name="parseHeaderToClientErrorBadRequest" time="0.000"/>
  <system-out/>
  <testcase classname="objectos.http.internal.HttpExchangeParseHeaderTest" name="parseHeaderNameToInputRead" time="0.000"/>
  <system-out/>
  <testcase classname="objectos.http.internal.HttpExchangeParseHeaderTest" name="parseHeaderToHandle" time="0.001"/>
  <system-out/>
  <testcase classname="objectos.http.internal.HttpExchangeParseHeaderTest" name="parseHeaderValueEmptyValue" time="0.000"/>
  <system-out/>
  <testcase classname="objectos.http.internal.HttpExchangeParseHeaderTest" name="http006" time="0.001"/>
  <system-out/>
  <testcase classname="objectos.http.internal.HttpExchangeParseHeaderTest" name="parseHeaderValueToInputRead" time="0.000"/>
  <system-out/>
  <testcase classname="objectos.http.internal.HttpExchangeParseHeaderTest" name="parseHeaderValueHeaderNameIsUnknown" time="0.000"/>
  <system-out/>
  <testcase classname="objectos.http.internal.HttpExchangeParseHeaderTest" name="parseHeaderName" time="0.001"/>
  <system-out/>
  <testcase classname="objectos.http.internal.HttpExchangeParseHeaderTest" name="parseHeaderValue" time="0.001"/>
  <system-out/>
  <testcase classname="objectos.http.internal.HttpExchangeParseHeaderTest" name="parseHeaderNameToParseHeaderValue" time="0.000"/>
  <system-out/>
  <testcase classname="objectos.http.internal.HttpExchangeParseHeaderTest" name="parseHeaderValueToClientErrorBadRequest" time="0.000"/>
  <system-out/>
  <testcase classname="objectos.http.internal.HttpExchangeParseHeaderTest" name="parseHeaderNameToClientErrorBadRequest" time="0.001"/>
  <system-out/>
  <testcase classname="objectos.http.internal.HttpExchangeParseHeaderTest" name="http001" time="0.001"/>
  <system-out/>
</testsuite> <!-- objectos.http.internal.HttpExchangeParseHeaderTest -->
