<?xml version="1.0" encoding="UTF-8"?>
<testsuite xmlns:xsi="http://www.w3.org/2001/XMLSchema-instance" xsi:noNamespaceSchemaLocation="https://maven.apache.org/surefire/maven-surefire-plugin/xsd/surefire-test-report-3.0.xsd" version="3.0" name="TestSuite" time="2.537" tests="80" errors="0" skipped="0" failures="0">
  <properties>
    <property name="java.specification.version" value="20"/>
    <property name="sun.jnu.encoding" value="UTF-8"/>
    <property name="java.class.path" value="/home/mendo/kdo/projetos/objectos/objectos-selfgen/target/test-classes:/home/mendo/.m2/repository/org/slf4j/slf4j-nop/1.7.36/slf4j-nop-1.7.36.jar:/home/mendo/.m2/repository/org/slf4j/slf4j-api/1.7.36/slf4j-api-1.7.36.jar:/home/mendo/.m2/repository/org/testng/testng/7.7.1/testng-7.7.1.jar:/home/mendo/.m2/repository/com/beust/jcommander/1.82/jcommander-1.82.jar:/home/mendo/.m2/repository/org/webjars/jquery/3.6.1/jquery-3.6.1.jar:"/>
    <property name="java.vm.vendor" value="Amazon.com Inc."/>
    <property name="sun.arch.data.model" value="64"/>
    <property name="java.vendor.url" value="https://aws.amazon.com/corretto/"/>
    <property name="user.timezone" value="America/Sao_Paulo"/>
    <property name="os.name" value="Linux"/>
    <property name="java.vm.specification.version" value="20"/>
    <property name="sun.java.launcher" value="SUN_STANDARD"/>
    <property name="user.country" value="US"/>
    <property name="sun.boot.library.path" value="/opt/amazon-corretto-20.0.2.9.1-linux-x64/lib"/>
    <property name="sun.java.command" value="org.apache.maven.surefire.booter.ForkedBooter /home/mendo/kdo/projetos/objectos/objectos-selfgen/target/surefire 2023-08-18T13-49-42_567-jvmRun1 surefire-20230818135024882_13tmp surefire_4-20230818135024882_14tmp"/>
    <property name="jdk.debug" value="release"/>
    <property name="surefire.test.class.path" value="/home/mendo/kdo/projetos/objectos/objectos-selfgen/target/test-classes:/home/mendo/.m2/repository/org/slf4j/slf4j-nop/1.7.36/slf4j-nop-1.7.36.jar:/home/mendo/.m2/repository/org/slf4j/slf4j-api/1.7.36/slf4j-api-1.7.36.jar:/home/mendo/.m2/repository/org/testng/testng/7.7.1/testng-7.7.1.jar:/home/mendo/.m2/repository/com/beust/jcommander/1.82/jcommander-1.82.jar:/home/mendo/.m2/repository/org/webjars/jquery/3.6.1/jquery-3.6.1.jar:"/>
    <property name="sun.cpu.endian" value="little"/>
    <property name="user.home" value="/home/mendo"/>
    <property name="user.language" value="en"/>
    <property name="java.specification.vendor" value="Oracle Corporation"/>
    <property name="jdk.module.path" value="/home/mendo/kdo/projetos/objectos/objectos-selfgen/target/classes:/home/mendo/kdo/projetos/objectos/objectos-code/target/objectos-code-0.8.0-SNAPSHOT.jar:/home/mendo/kdo/projetos/objectos/objectos-util/target/objectos-util-0.8.0-SNAPSHOT.jar:/home/mendo/kdo/projetos/objectos/objectos-lang/target/objectos-lang-0.8.0-SNAPSHOT.jar"/>
    <property name="java.version.date" value="2023-07-18"/>
    <property name="java.home" value="/opt/amazon-corretto-20.0.2.9.1-linux-x64"/>
    <property name="file.separator" value="/"/>
    <property name="basedir" value="/home/mendo/kdo/projetos/objectos/objectos-selfgen"/>
    <property name="java.vm.compressedOopsMode" value="32-bit"/>
    <property name="line.separator" value="&#10;"/>
    <property name="java.vm.specification.vendor" value="Oracle Corporation"/>
    <property name="java.specification.name" value="Java Platform API Specification"/>
    <property name="surefire.real.class.path" value="/home/mendo/.m2/repository/org/apache/maven/surefire/surefire-api/3.1.2/surefire-api-3.1.2.jar:/home/mendo/.m2/repository/org/apache/maven/surefire/surefire-booter/3.1.2/surefire-booter-3.1.2.jar:/home/mendo/.m2/repository/org/apache/maven/surefire/surefire-extensions-spi/3.1.2/surefire-extensions-spi-3.1.2.jar:/home/mendo/.m2/repository/org/apache/maven/surefire/surefire-logger-api/3.1.2/surefire-logger-api-3.1.2.jar:/home/mendo/.m2/repository/org/apache/maven/surefire/surefire-shared-utils/3.1.2/surefire-shared-utils-3.1.2.jar:/home/mendo/kdo/projetos/objectos/objectos-selfgen/target/test-classes:/home/mendo/.m2/repository/org/slf4j/slf4j-nop/1.7.36/slf4j-nop-1.7.36.jar:/home/mendo/.m2/repository/org/slf4j/slf4j-api/1.7.36/slf4j-api-1.7.36.jar:/home/mendo/.m2/repository/org/testng/testng/7.7.1/testng-7.7.1.jar:/home/mendo/.m2/repository/com/beust/jcommander/1.82/jcommander-1.82.jar:/home/mendo/.m2/repository/org/webjars/jquery/3.6.1/jquery-3.6.1.jar:/home/mendo/.m2/repository/org/apache/maven/surefire/surefire-testng/3.1.2/surefire-testng-3.1.2.jar:/home/mendo/.m2/repository/org/apache/maven/surefire/common-java5/3.1.2/common-java5-3.1.2.jar:/home/mendo/.m2/repository/org/apache/maven/surefire/surefire-grouper/3.1.2/surefire-grouper-3.1.2.jar:/home/mendo/.m2/repository/org/apache/maven/surefire/surefire-testng-utils/3.1.2/surefire-testng-utils-3.1.2.jar"/>
    <property name="sun.management.compiler" value="HotSpot 64-Bit Tiered Compilers"/>
    <property name="java.runtime.version" value="20.0.2+9-FR"/>
    <property name="user.name" value="mendo"/>
    <property name="stdout.encoding" value="UTF-8"/>
    <property name="path.separator" value=":"/>
    <property name="os.version" value="6.1.41-gentoo"/>
    <property name="java.runtime.name" value="OpenJDK Runtime Environment"/>
    <property name="file.encoding" value="UTF-8"/>
    <property name="java.vm.name" value="OpenJDK 64-Bit Server VM"/>
    <property name="java.vendor.version" value="Corretto-20.0.2.9.1"/>
    <property name="localRepository" value="/home/mendo/.m2/repository"/>
    <property name="java.vendor.url.bug" value="https://github.com/corretto/corretto-20/issues/"/>
    <property name="java.io.tmpdir" value="/tmp"/>
    <property name="java.version" value="20.0.2"/>
    <property name="user.dir" value="/home/mendo/kdo/projetos/objectos/objectos-selfgen"/>
    <property name="os.arch" value="amd64"/>
    <property name="java.vm.specification.name" value="Java Virtual Machine Specification"/>
    <property name="native.encoding" value="UTF-8"/>
    <property name="java.library.path" value="/usr/java/packages/lib:/usr/lib64:/lib64:/lib:/usr/lib"/>
    <property name="java.vm.info" value="mixed mode"/>
    <property name="stderr.encoding" value="UTF-8"/>
    <property name="java.vendor" value="Amazon.com Inc."/>
    <property name="java.vm.version" value="20.0.2+9-FR"/>
    <property name="sun.io.unicode.encoding" value="UnicodeLittle"/>
    <property name="java.class.version" value="64.0"/>
  </properties>
  <testcase name="execute" classname="objectos.selfgen.css.spec.KeywordClassStepTest" time="0.064"/>
  <testcase name="generateJavaFile" classname="objectos.selfgen.css.spec.PseudoClassSelectorsGenTest" time="0.016"/>
  <testcase name="execute" classname="objectos.selfgen.css.spec.AngleUnitStepTest" time="0.006"/>
  <testcase name="execute" classname="objectos.selfgen.css.spec.FunctionInterfaceStepTest" time="0.01"/>
  <testcase name="execute" classname="objectos.selfgen.css.spec.KeywordsClassStepTest" time="0.016"/>
  <testcase name="generateJavaFile" classname="objectos.selfgen.css.spec.PseudoElementSelectorsGenTest" time="0.003"/>
  <testcase name="execute" classname="objectos.selfgen.css.spec.LengthUnitStepTest" time="0.004"/>
  <testcase name="execute" classname="objectos.selfgen.css.spec.GeneratedColorStepTest" time="0.025"/>
  <testcase name="execute" classname="objectos.selfgen.css.spec.StandardPropertyNameStepTest" time="0.028"/>
  <testcase name="execute" classname="objectos.selfgen.css.spec.GeneratedStyleSheetStepTest" time="0.032"/>
  <testcase name="execute" classname="objectos.selfgen.css.spec.PrimitiveTypeStepTest" time="0.002"/>
  <testcase name="execute" classname="objectos.selfgen.css.spec.StandardFunctionNameStepTest" time="0.016"/>
  <testcase name="execute" classname="objectos.selfgen.css.spec.ValueTypeIfaceStepTest" time="0.005"/>
  <testcase name="generateJavaFile" classname="objectos.selfgen.css.spec.TypeSelectorsGenTest" time="0.006"/>
  <testcase name="parse[, ](1)" classname="objectos.selfgen.css.select.PrefixTest" time="0.003"/>
  <testcase name="parse[-webkit-, -webkit-](2)" classname="objectos.selfgen.css.select.PrefixTest" time="0.005"/>
  <testcase name="parse[-moz-, -moz-](3)" classname="objectos.selfgen.css.select.PrefixTest" time="0.0"/>
  <testcase name="parse[-ms-, -ms-](4)" classname="objectos.selfgen.css.select.PrefixTest" time="0.005"/>
  <testcase name="parse[-mso-, -ms-](5)" classname="objectos.selfgen.css.select.PrefixTest" time="0.001"/>
  <testcase name="parse[-xpto-, -unknown-](6)" classname="objectos.selfgen.css.select.PrefixTest" time="0.0"/>
  <testcase name="all" classname="objectos.selfgen.css2.util.CssUtilSelfGen06Test" time="0.005"/>
  <testcase name="framework" classname="objectos.selfgen.css2.util.CssUtilSelfGen06Test" time="0.001"/>
  <testcase name="all" classname="objectos.selfgen.css2.util.CssUtilSelfGen03Test" time="0.001"/>
  <testcase name="framework" classname="objectos.selfgen.css2.util.CssUtilSelfGen03Test" time="0.001"/>
  <testcase name="all" classname="objectos.selfgen.css2.util.CssUtilSelfGen04Test" time="0.001"/>
  <testcase name="framework" classname="objectos.selfgen.css2.util.CssUtilSelfGen04Test" time="0.001"/>
  <testcase name="all" classname="objectos.selfgen.css2.util.CssUtilSelfGen05Test" time="0.001"/>
  <testcase name="framework" classname="objectos.selfgen.css2.util.CssUtilSelfGen05Test" time="0.0"/>
  <testcase name="all" classname="objectos.selfgen.css2.util.CssUtilSelfGen02Test" time="0.001"/>
  <testcase name="framework" classname="objectos.selfgen.css2.util.CssUtilSelfGen02Test" time="0.001"/>
  <testcase name="all" classname="objectos.selfgen.css2.util.CssUtilSelfGen01Test" time="0.001"/>
  <testcase name="framework" classname="objectos.selfgen.css2.util.CssUtilSelfGen01Test" time="0.001"/>
  <testcase name="large" classname="objectos.selfgen.css2.util.CssUtilSelfGen01Test" time="0.0"/>
  <testcase name="all" classname="objectos.selfgen.css2.LengthUnitStepTest" time="0.001"/>
  <testcase name="ofPseudoClassSelector" classname="objectos.selfgen.css2.SelectorNameTest" time="0.0"/>
  <testcase name="ofPseudoElementSelector" classname="objectos.selfgen.css2.SelectorNameTest" time="0.001"/>
  <testcase name="ofPseudoElementSelectorWebkit" classname="objectos.selfgen.css2.SelectorNameTest" time="0.001"/>
  <testcase name="ofTypeSelector" classname="objectos.selfgen.css2.SelectorNameTest" time="0.0"/>
  <testcase name="generatedCssTemplate" classname="objectos.selfgen.css2.CssSelfGen15SignatureStringTest" time="0.001"/>
  <testcase name="generatedCssTemplate" classname="objectos.selfgen.css2.CssSelfGen03PercentageTypeTest" time="0.001"/>
  <testcase name="generatedCssTemplate" classname="objectos.selfgen.css2.CssSelfGen16BoxShadowTest" time="0.001"/>
  <testcase name="generatedCssTemplate" classname="objectos.selfgen.css2.CssSelfGen07ValueTypeInValueTypeTest" time="0.001"/>
  <testcase name="generatedColor" classname="objectos.selfgen.css2.CssSelfGen01BorderColorTest" time="0.0"/>
  <testcase name="generatedCssTemplate" classname="objectos.selfgen.css2.CssSelfGen01BorderColorTest" time="0.001"/>
  <testcase name="property" classname="objectos.selfgen.css2.CssSelfGen01BorderColorTest" time="0.001"/>
  <testcase name="propertyBorderWidth" classname="objectos.selfgen.css2.CssSelfGen00Test" time="0.011"/>
  <testcase name="selectors01" classname="objectos.selfgen.css2.CssSelfGen00Test" time="0.009"/>
  <testcase name="transparent" classname="objectos.selfgen.css2.ColorNameTest" time="0.001"/>
  <testcase name="generatedCssTemplate" classname="objectos.selfgen.css2.CssSelfGen11Value2AndValue3SigsTest" time="0.0"/>
  <testcase name="generatedCssTemplate" classname="objectos.selfgen.css2.CssSelfGen14UrlTypeTest" time="0.001"/>
  <testcase name="of" classname="objectos.selfgen.css2.KeywordNameTest" time="0.001"/>
  <testcase name="generatedCssTemplate" classname="objectos.selfgen.css2.CssSelfGen09StringLiteralTest" time="0.001"/>
  <testcase name="generatedCssTemplate" classname="objectos.selfgen.css2.CssSelfGen01JavaKeywordNameClashTest" time="0.0"/>
  <testcase name="generatedCssTemplate" classname="objectos.selfgen.css2.CssSelfGen13KeywordAsParameterTypeTest" time="0.001"/>
  <testcase name="generatedCssTemplate" classname="objectos.selfgen.css2.CssSelfGen10KeywordSelectorNameClashTest" time="0.001"/>
  <testcase name="all" classname="objectos.selfgen.css2.StandardNameTest" time="0.001"/>
  <testcase name="generatedCssTemplate" classname="objectos.selfgen.css2.CssSelfGen08MultiPropertyKeywordTest" time="0.001"/>
  <testcase name="generatedCssTemplate" classname="objectos.selfgen.css2.CssSelfGen02NumberTypeTest" time="0.001"/>
  <testcase name="api" classname="objectos.selfgen.css2.CssSelfGen17GridTemplateColumnsTest" time="0.0"/>
  <testcase name="generatedCssTemplate" classname="objectos.selfgen.css2.CssSelfGen17GridTemplateColumnsTest" time="0.0"/>
  <testcase name="generatedCssTemplate" classname="objectos.selfgen.css2.CssSelfGen12CustomSignatureTest" time="0.001"/>
  <testcase name="pseudoClass" classname="objectos.selfgen.css2.StandardSelectorStepTest" time="0.0"/>
  <testcase name="pseudoElement" classname="objectos.selfgen.css2.StandardSelectorStepTest" time="0.0"/>
  <testcase name="type" classname="objectos.selfgen.css2.StandardSelectorStepTest" time="0.001"/>
  <testcase name="all" classname="objectos.selfgen.css2.GeneratedCssTemplateStepTest" time="0.01"/>
  <testcase name="borderWidth" classname="objectos.selfgen.css2.GeneratedCssTemplateStepTest" time="0.007"/>
  <testcase name="selectors01" classname="objectos.selfgen.css2.GeneratedCssTemplateStepTest" time="0.01"/>
  <testcase name="execute" classname="objectos.selfgen.html.InternalInstructionStepTest" time="0.008"/>
  <testcase name="execute" classname="objectos.selfgen.html.GeneratedHtmlTemplateStepTest" time="0.005"/>
  <testcase name="execute" classname="objectos.selfgen.html.StandardAttributeNameStepTest" time="0.004"/>
  <testcase name="execute" classname="objectos.selfgen.html.StandardElementNameStepTest" time="0.002"/>
  <testcase name="category_createCategoryAndAddElements" classname="objectos.selfgen.html.SpecDslTest" time="0.011"/>
  <testcase name="element_addCategoryAsContentModel" classname="objectos.selfgen.html.SpecDslTest" time="0.003"/>
  <testcase name="element_formCanHaveFlowContentExceptForForms" classname="objectos.selfgen.html.SpecDslTest" time="0.001"/>
  <testcase name="text_withCategory" classname="objectos.selfgen.html.SpecDslTest" time="0.002"/>
  <testcase name="execute" classname="objectos.selfgen.html.InstructionIfaceStepTest" time="0.006"/>
  <testcase name="classAttribute" classname="objectos.selfgen.html.AttributeSpecTest" time="0.002"/>
  <testcase name="hiddenAttribute" classname="objectos.selfgen.html.AttributeSpecTest" time="0.001"/>
  <testcase name="hrefAttribute" classname="objectos.selfgen.html.AttributeSpecTest" time="0.001"/>
  <testcase name="idAttribute" classname="objectos.selfgen.html.AttributeSpecTest" time="0.0"/>
</testsuite>