<?xml version="1.0" encoding="UTF-8"?>
<!-- Generated by org.testng.reporters.JUnitReportReporter -->
<testsuite hostname="eto001" failures="0" tests="4" name="objectos.selfgen.html.AttributeSpecTest" time="0.003" errors="0" timestamp="2023-08-18T13:50:27 BRT" skipped="0">
  <testcase classname="objectos.selfgen.html.AttributeSpecTest" name="idAttribute" time="0.001"/>
  <system-out/>
  <testcase classname="objectos.selfgen.html.AttributeSpecTest" name="classAttribute" time="0.001"/>
  <system-out/>
  <testcase classname="objectos.selfgen.html.AttributeSpecTest" name="hrefAttribute" time="0.001"/>
  <system-out/>
  <testcase classname="objectos.selfgen.html.AttributeSpecTest" name="hiddenAttribute" time="0.000"/>
  <system-out/>
</testsuite> <!-- objectos.selfgen.html.AttributeSpecTest -->
