<?xml version="1.0" encoding="UTF-8"?>
<!-- Generated by org.testng.reporters.JUnitReportReporter -->
<testsuite hostname="eto001" failures="0" tests="2" name="objectos.selfgen.css2.CssSelfGen00Test" time="0.020" errors="0" timestamp="2023-08-18T13:50:27 BRT" skipped="0">
  <testcase classname="objectos.selfgen.css2.CssSelfGen00Test" name="selectors01" time="0.009"/>
  <system-out/>
  <testcase classname="objectos.selfgen.css2.CssSelfGen00Test" name="propertyBorderWidth" time="0.011"/>
  <system-out/>
</testsuite> <!-- objectos.selfgen.css2.CssSelfGen00Test -->
