<?xml version="1.0" encoding="UTF-8"?>
<!-- Generated by org.testng.reporters.JUnitReportReporter -->
<testsuite hostname="eto001" failures="0" tests="4" name="objectos.selfgen.css2.SelectorNameTest" time="0.004" errors="0" timestamp="2023-08-18T13:50:27 BRT" skipped="0">
  <testcase classname="objectos.selfgen.css2.SelectorNameTest" name="ofPseudoClassSelector" time="0.001"/>
  <system-out/>
  <testcase classname="objectos.selfgen.css2.SelectorNameTest" name="ofPseudoElementSelector" time="0.001"/>
  <system-out/>
  <testcase classname="objectos.selfgen.css2.SelectorNameTest" name="ofTypeSelector" time="0.001"/>
  <system-out/>
  <testcase classname="objectos.selfgen.css2.SelectorNameTest" name="ofPseudoElementSelectorWebkit" time="0.001"/>
  <system-out/>
</testsuite> <!-- objectos.selfgen.css2.SelectorNameTest -->
