<?xml version="1.0" encoding="UTF-8"?>
<!-- Generated by org.testng.reporters.JUnitReportReporter -->
<testsuite hostname="eto001" failures="0" tests="1" name="objectos.selfgen.css.spec.KeywordClassStepTest" time="0.073" errors="0" timestamp="2023-08-18T13:50:27 BRT" skipped="0">
  <testcase classname="objectos.selfgen.css.spec.KeywordClassStepTest" name="execute" time="0.073"/>
  <system-out/>
</testsuite> <!-- objectos.selfgen.css.spec.KeywordClassStepTest -->
