<?xml version="1.0" encoding="UTF-8"?>
<!-- Generated by org.testng.reporters.JUnitReportReporter -->
<testsuite hostname="eto001" failures="0" tests="4" name="objectos.selfgen.html.SpecDslTest" time="0.018" errors="0" timestamp="2023-08-18T13:50:27 BRT" skipped="0">
  <testcase classname="objectos.selfgen.html.SpecDslTest" name="text_withCategory" time="0.002"/>
  <system-out/>
  <testcase classname="objectos.selfgen.html.SpecDslTest" name="element_formCanHaveFlowContentExceptForForms" time="0.002"/>
  <system-out/>
  <testcase classname="objectos.selfgen.html.SpecDslTest" name="element_addCategoryAsContentModel" time="0.003"/>
  <system-out/>
  <testcase classname="objectos.selfgen.html.SpecDslTest" name="category_createCategoryAndAddElements" time="0.011"/>
  <system-out/>
</testsuite> <!-- objectos.selfgen.html.SpecDslTest -->
