<?xml version="1.0" encoding="UTF-8"?>
<!-- Generated by org.testng.reporters.JUnitReportReporter -->
<testsuite hostname="eto001" failures="0" tests="2" name="objectos.selfgen.css2.util.CssUtilSelfGen06Test" time="0.003" errors="0" timestamp="2023-08-18T13:50:27 BRT" skipped="0">
  <testcase classname="objectos.selfgen.css2.util.CssUtilSelfGen06Test" name="all" time="0.002"/>
  <system-out/>
  <testcase classname="objectos.selfgen.css2.util.CssUtilSelfGen06Test" name="framework" time="0.001"/>
  <system-out/>
</testsuite> <!-- objectos.selfgen.css2.util.CssUtilSelfGen06Test -->
