<?xml version="1.0" encoding="UTF-8"?>
<!-- Generated by org.testng.reporters.JUnitReportReporter -->
<testsuite hostname="eto001" failures="0" tests="1" name="objectos.selfgen.html.StandardElementNameStepTest" time="0.002" errors="0" timestamp="2023-08-18T13:50:27 BRT" skipped="0">
  <testcase classname="objectos.selfgen.html.StandardElementNameStepTest" name="execute" time="0.002"/>
  <system-out/>
</testsuite> <!-- objectos.selfgen.html.StandardElementNameStepTest -->
