<?xml version="1.0" encoding="UTF-8"?>
<!-- Generated by org.testng.reporters.JUnitReportReporter -->
<testsuite hostname="eto001" failures="0" tests="6" name="objectos.selfgen.css.select.PrefixTest" time="0.005" errors="0" timestamp="2023-08-18T13:50:27 BRT" skipped="0">
  <testcase classname="objectos.selfgen.css.select.PrefixTest" name="parse" time="0.001"/>
  <system-out/>
  <testcase classname="objectos.selfgen.css.select.PrefixTest" name="parse" time="0.000"/>
  <system-out/>
  <testcase classname="objectos.selfgen.css.select.PrefixTest" name="parse" time="0.004"/>
  <system-out/>
  <testcase classname="objectos.selfgen.css.select.PrefixTest" name="parse" time="0.000"/>
  <system-out/>
  <testcase classname="objectos.selfgen.css.select.PrefixTest" name="parse" time="0.000"/>
  <system-out/>
  <testcase classname="objectos.selfgen.css.select.PrefixTest" name="parse" time="0.000"/>
  <system-out/>
</testsuite> <!-- objectos.selfgen.css.select.PrefixTest -->
