<?xml version="1.0" encoding="UTF-8"?>
<!-- Generated by org.testng.reporters.JUnitReportReporter -->
<testsuite hostname="eto001" failures="0" tests="3" name="objectos.selfgen.css2.CssSelfGen01BorderColorTest" time="0.002" errors="0" timestamp="2023-08-18T13:50:27 BRT" skipped="0">
  <testcase classname="objectos.selfgen.css2.CssSelfGen01BorderColorTest" name="property" time="0.001"/>
  <system-out/>
  <testcase classname="objectos.selfgen.css2.CssSelfGen01BorderColorTest" name="generatedColor" time="0.001"/>
  <system-out/>
  <testcase classname="objectos.selfgen.css2.CssSelfGen01BorderColorTest" name="generatedCssTemplate" time="0.000"/>
  <system-out/>
</testsuite> <!-- objectos.selfgen.css2.CssSelfGen01BorderColorTest -->
