<?xml version="1.0" encoding="UTF-8"?>
<testsuite xmlns:xsi="http://www.w3.org/2001/XMLSchema-instance" xsi:noNamespaceSchemaLocation="https://maven.apache.org/surefire/maven-surefire-plugin/xsd/surefire-test-report-3.0.xsd" version="3.0" name="TestSuite" time="2.855" tests="238" errors="0" skipped="0" failures="0">
  <properties>
    <property name="java.specification.version" value="20"/>
    <property name="sun.jnu.encoding" value="UTF-8"/>
    <property name="java.class.path" value="/home/mendo/kdo/projetos/objectos/objectos-css/target/test-classes:/home/mendo/kdo/projetos/objectos/objectos-selfgen/target/objectos-selfgen-0.8.0-SNAPSHOT.jar:/home/mendo/kdo/projetos/objectos/objectos-code/target/objectos-code-0.8.0-SNAPSHOT.jar:/home/mendo/.m2/repository/org/slf4j/slf4j-nop/1.7.36/slf4j-nop-1.7.36.jar:/home/mendo/.m2/repository/org/slf4j/slf4j-api/1.7.36/slf4j-api-1.7.36.jar:/home/mendo/.m2/repository/org/testng/testng/7.7.1/testng-7.7.1.jar:/home/mendo/.m2/repository/com/beust/jcommander/1.82/jcommander-1.82.jar:/home/mendo/.m2/repository/org/webjars/jquery/3.6.1/jquery-3.6.1.jar:"/>
    <property name="java.vm.vendor" value="Amazon.com Inc."/>
    <property name="sun.arch.data.model" value="64"/>
    <property name="java.vendor.url" value="https://aws.amazon.com/corretto/"/>
    <property name="user.timezone" value="America/Sao_Paulo"/>
    <property name="os.name" value="Linux"/>
    <property name="java.vm.specification.version" value="20"/>
    <property name="sun.java.launcher" value="SUN_STANDARD"/>
    <property name="user.country" value="US"/>
    <property name="sun.boot.library.path" value="/opt/amazon-corretto-20.0.2.9.1-linux-x64/lib"/>
    <property name="sun.java.command" value="org.apache.maven.surefire.booter.ForkedBooter /home/mendo/kdo/projetos/objectos/objectos-css/target/surefire 2023-08-18T13-49-42_567-jvmRun1 surefire-20230818135049153_19tmp surefire_6-20230818135049153_20tmp"/>
    <property name="jdk.debug" value="release"/>
    <property name="surefire.test.class.path" value="/home/mendo/kdo/projetos/objectos/objectos-css/target/test-classes:/home/mendo/kdo/projetos/objectos/objectos-selfgen/target/objectos-selfgen-0.8.0-SNAPSHOT.jar:/home/mendo/kdo/projetos/objectos/objectos-code/target/objectos-code-0.8.0-SNAPSHOT.jar:/home/mendo/.m2/repository/org/slf4j/slf4j-nop/1.7.36/slf4j-nop-1.7.36.jar:/home/mendo/.m2/repository/org/slf4j/slf4j-api/1.7.36/slf4j-api-1.7.36.jar:/home/mendo/.m2/repository/org/testng/testng/7.7.1/testng-7.7.1.jar:/home/mendo/.m2/repository/com/beust/jcommander/1.82/jcommander-1.82.jar:/home/mendo/.m2/repository/org/webjars/jquery/3.6.1/jquery-3.6.1.jar:"/>
    <property name="sun.cpu.endian" value="little"/>
    <property name="user.home" value="/home/mendo"/>
    <property name="user.language" value="en"/>
    <property name="java.specification.vendor" value="Oracle Corporation"/>
    <property name="jdk.module.path" value="/home/mendo/kdo/projetos/objectos/objectos-css/target/classes:/home/mendo/kdo/projetos/objectos/objectos-html/target/objectos-html-0.8.0-SNAPSHOT.jar:/home/mendo/kdo/projetos/objectos/objectos-util/target/objectos-util-0.8.0-SNAPSHOT.jar:/home/mendo/kdo/projetos/objectos/objectos-lang/target/objectos-lang-0.8.0-SNAPSHOT.jar"/>
    <property name="java.version.date" value="2023-07-18"/>
    <property name="java.home" value="/opt/amazon-corretto-20.0.2.9.1-linux-x64"/>
    <property name="file.separator" value="/"/>
    <property name="basedir" value="/home/mendo/kdo/projetos/objectos/objectos-css"/>
    <property name="java.vm.compressedOopsMode" value="32-bit"/>
    <property name="line.separator" value="&#10;"/>
    <property name="java.vm.specification.vendor" value="Oracle Corporation"/>
    <property name="java.specification.name" value="Java Platform API Specification"/>
    <property name="surefire.real.class.path" value="/home/mendo/.m2/repository/org/apache/maven/surefire/surefire-api/3.1.2/surefire-api-3.1.2.jar:/home/mendo/.m2/repository/org/apache/maven/surefire/surefire-booter/3.1.2/surefire-booter-3.1.2.jar:/home/mendo/.m2/repository/org/apache/maven/surefire/surefire-extensions-spi/3.1.2/surefire-extensions-spi-3.1.2.jar:/home/mendo/.m2/repository/org/apache/maven/surefire/surefire-logger-api/3.1.2/surefire-logger-api-3.1.2.jar:/home/mendo/.m2/repository/org/apache/maven/surefire/surefire-shared-utils/3.1.2/surefire-shared-utils-3.1.2.jar:/home/mendo/kdo/projetos/objectos/objectos-css/target/test-classes:/home/mendo/kdo/projetos/objectos/objectos-selfgen/target/objectos-selfgen-0.8.0-SNAPSHOT.jar:/home/mendo/kdo/projetos/objectos/objectos-code/target/objectos-code-0.8.0-SNAPSHOT.jar:/home/mendo/.m2/repository/org/slf4j/slf4j-nop/1.7.36/slf4j-nop-1.7.36.jar:/home/mendo/.m2/repository/org/slf4j/slf4j-api/1.7.36/slf4j-api-1.7.36.jar:/home/mendo/.m2/repository/org/testng/testng/7.7.1/testng-7.7.1.jar:/home/mendo/.m2/repository/com/beust/jcommander/1.82/jcommander-1.82.jar:/home/mendo/.m2/repository/org/webjars/jquery/3.6.1/jquery-3.6.1.jar:/home/mendo/.m2/repository/org/apache/maven/surefire/surefire-testng/3.1.2/surefire-testng-3.1.2.jar:/home/mendo/.m2/repository/org/apache/maven/surefire/common-java5/3.1.2/common-java5-3.1.2.jar:/home/mendo/.m2/repository/org/apache/maven/surefire/surefire-grouper/3.1.2/surefire-grouper-3.1.2.jar:/home/mendo/.m2/repository/org/apache/maven/surefire/surefire-testng-utils/3.1.2/surefire-testng-utils-3.1.2.jar"/>
    <property name="sun.management.compiler" value="HotSpot 64-Bit Tiered Compilers"/>
    <property name="java.runtime.version" value="20.0.2+9-FR"/>
    <property name="user.name" value="mendo"/>
    <property name="stdout.encoding" value="UTF-8"/>
    <property name="path.separator" value=":"/>
    <property name="os.version" value="6.1.41-gentoo"/>
    <property name="java.runtime.name" value="OpenJDK Runtime Environment"/>
    <property name="file.encoding" value="UTF-8"/>
    <property name="java.vm.name" value="OpenJDK 64-Bit Server VM"/>
    <property name="java.vendor.version" value="Corretto-20.0.2.9.1"/>
    <property name="localRepository" value="/home/mendo/.m2/repository"/>
    <property name="java.vendor.url.bug" value="https://github.com/corretto/corretto-20/issues/"/>
    <property name="java.io.tmpdir" value="/tmp"/>
    <property name="java.version" value="20.0.2"/>
    <property name="user.dir" value="/home/mendo/kdo/projetos/objectos/objectos-css"/>
    <property name="os.arch" value="amd64"/>
    <property name="java.vm.specification.name" value="Java Virtual Machine Specification"/>
    <property name="native.encoding" value="UTF-8"/>
    <property name="java.library.path" value="/usr/java/packages/lib:/usr/lib64:/lib64:/lib:/usr/lib"/>
    <property name="java.vm.info" value="mixed mode"/>
    <property name="stderr.encoding" value="UTF-8"/>
    <property name="java.vendor" value="Amazon.com Inc."/>
    <property name="java.vm.version" value="20.0.2+9-FR"/>
    <property name="sun.io.unicode.encoding" value="UnicodeLittle"/>
    <property name="java.class.version" value="64.0"/>
  </properties>
  <testcase name="testCase00" classname="objectos.css.sheet.Pass0Test" time="0.06"/>
  <testcase name="testCase01" classname="objectos.css.sheet.Pass0Test" time="0.001"/>
  <testcase name="testCase08" classname="objectos.css.sheet.Pass0Test" time="0.003"/>
  <testcase name="testCase09" classname="objectos.css.sheet.Pass0Test" time="0.001"/>
  <testcase name="testCase17" classname="objectos.css.sheet.Pass0Test" time="0.001"/>
  <testcase name="testCase25" classname="objectos.css.sheet.Pass0Test" time="0.0"/>
  <testcase name="testCase27" classname="objectos.css.sheet.Pass0Test" time="0.0"/>
  <testcase name="testCase32" classname="objectos.css.sheet.Pass0Test" time="0.001"/>
  <testcase name="backgroundImage" classname="objectos.css.sheet.StyleSheetTest" time="0.002"/>
  <testcase name="filterClassSelectorsByName01" classname="objectos.css.sheet.StyleSheetTest" time="0.009"/>
  <testcase name="filterClassSelectorsByName02" classname="objectos.css.sheet.StyleSheetTest" time="0.0"/>
  <testcase name="filterClassSelectorsByName03" classname="objectos.css.sheet.StyleSheetTest" time="0.005"/>
  <testcase name="filterClassSelectorsByName04" classname="objectos.css.sheet.StyleSheetTest" time="0.002"/>
  <testcase name="filterClassSelectorsByName05" classname="objectos.css.sheet.StyleSheetTest" time="0.002"/>
  <testcase name="filterClassSelectorsByName06" classname="objectos.css.sheet.StyleSheetTest" time="0.003"/>
  <testcase name="filterClassSelectorsByName07" classname="objectos.css.sheet.StyleSheetTest" time="0.002"/>
  <testcase name="testCase00" classname="objectos.css.sheet.StyleSheetTest" time="0.001"/>
  <testcase name="testCase01" classname="objectos.css.sheet.StyleSheetTest" time="0.001"/>
  <testcase name="testCase02" classname="objectos.css.sheet.StyleSheetTest" time="0.001"/>
  <testcase name="testCase03" classname="objectos.css.sheet.StyleSheetTest" time="0.0"/>
  <testcase name="testCase04" classname="objectos.css.sheet.StyleSheetTest" time="0.001"/>
  <testcase name="testCase05" classname="objectos.css.sheet.StyleSheetTest" time="0.003"/>
  <testcase name="testCase06" classname="objectos.css.sheet.StyleSheetTest" time="0.001"/>
  <testcase name="testCase07" classname="objectos.css.sheet.StyleSheetTest" time="0.003"/>
  <testcase name="testCase08" classname="objectos.css.sheet.StyleSheetTest" time="0.002"/>
  <testcase name="testCase09" classname="objectos.css.sheet.StyleSheetTest" time="0.001"/>
  <testcase name="testCase10" classname="objectos.css.sheet.StyleSheetTest" time="0.003"/>
  <testcase name="testCase11" classname="objectos.css.sheet.StyleSheetTest" time="0.001"/>
  <testcase name="testCase12" classname="objectos.css.sheet.StyleSheetTest" time="0.0"/>
  <testcase name="testCase13" classname="objectos.css.sheet.StyleSheetTest" time="0.003"/>
  <testcase name="testCase14" classname="objectos.css.sheet.StyleSheetTest" time="0.001"/>
  <testcase name="testCase15" classname="objectos.css.sheet.StyleSheetTest" time="0.003"/>
  <testcase name="testCase16" classname="objectos.css.sheet.StyleSheetTest" time="0.0"/>
  <testcase name="testCase17" classname="objectos.css.sheet.StyleSheetTest" time="0.001"/>
  <testcase name="testCase18" classname="objectos.css.sheet.StyleSheetTest" time="0.001"/>
  <testcase name="testCase19" classname="objectos.css.sheet.StyleSheetTest" time="0.001"/>
  <testcase name="testCase20" classname="objectos.css.sheet.StyleSheetTest" time="0.0"/>
  <testcase name="testCase21" classname="objectos.css.sheet.StyleSheetTest" time="0.0"/>
  <testcase name="testCase22" classname="objectos.css.sheet.StyleSheetTest" time="0.0"/>
  <testcase name="testCase23" classname="objectos.css.sheet.StyleSheetTest" time="0.001"/>
  <testcase name="testCase24" classname="objectos.css.sheet.StyleSheetTest" time="0.001"/>
  <testcase name="testCase25" classname="objectos.css.sheet.StyleSheetTest" time="0.001"/>
  <testcase name="testCase26" classname="objectos.css.sheet.StyleSheetTest" time="0.002"/>
  <testcase name="testCase27" classname="objectos.css.sheet.StyleSheetTest" time="0.001"/>
  <testcase name="testCase28" classname="objectos.css.sheet.StyleSheetTest" time="0.0"/>
  <testcase name="testCase29" classname="objectos.css.sheet.StyleSheetTest" time="0.002"/>
  <testcase name="testCase30" classname="objectos.css.sheet.StyleSheetTest" time="0.01"/>
  <testcase name="testCase31" classname="objectos.css.sheet.StyleSheetTest" time="0.001"/>
  <testcase name="testCase32" classname="objectos.css.sheet.StyleSheetTest" time="0.0"/>
  <testcase name="testCase33" classname="objectos.css.sheet.StyleSheetTest" time="0.001"/>
  <testcase name="testCase34" classname="objectos.css.sheet.StyleSheetTest" time="0.001"/>
  <testcase name="testCase35" classname="objectos.css.sheet.StyleSheetTest" time="0.001"/>
  <testcase name="transform" classname="objectos.css.sheet.StyleSheetTest" time="0.003"/>
  <testcase name="toStringTest" classname="objectos.css.select.GeneralSiblingSelectorTest" time="0.004"/>
  <testcase name="attributeSelector" classname="objectos.css.select.SelectorFactoryTest" time="0.002"/>
  <testcase name="attributeValueSelector" classname="objectos.css.select.SelectorFactoryTest" time="0.001"/>
  <testcase name="childSelector" classname="objectos.css.select.SelectorFactoryTest" time="0.001"/>
  <testcase name="classSelector" classname="objectos.css.select.SelectorFactoryTest" time="0.0"/>
  <testcase name="descendantSelector" classname="objectos.css.select.SelectorFactoryTest" time="0.001"/>
  <testcase name="idSelector" classname="objectos.css.select.SelectorFactoryTest" time="0.001"/>
  <testcase name="invalidSelectors" classname="objectos.css.select.SelectorFactoryTest" time="0.001"/>
  <testcase name="selectorList" classname="objectos.css.select.SelectorFactoryTest" time="0.0"/>
  <testcase name="typeSelector" classname="objectos.css.select.SelectorFactoryTest" time="0.001"/>
  <testcase name="universalSelector" classname="objectos.css.select.SelectorFactoryTest" time="0.001"/>
  <testcase name="matches" classname="objectos.css.select.IdSelectorTest" time="0.001"/>
  <testcase name="toStringTest" classname="objectos.css.select.IdSelectorTest" time="0.001"/>
  <testcase name="matches" classname="objectos.css.select.DescendantSelectorTest" time="0.0"/>
  <testcase name="toStringTest" classname="objectos.css.select.DescendantSelectorTest" time="0.001"/>
  <testcase name="toStringTest" classname="objectos.css.select.PseudoElementSelectorTest" time="0.001"/>
  <testcase name="matches" classname="objectos.css.select.CompoundSelectorTest" time="0.0"/>
  <testcase name="matches[=, a, a, true](1)" classname="objectos.css.select.AttributeValueOperatorTest" time="0.008"/>
  <testcase name="matches[=, A, a, false](2)" classname="objectos.css.select.AttributeValueOperatorTest" time="0.0"/>
  <testcase name="matches[=, a, b, false](3)" classname="objectos.css.select.AttributeValueOperatorTest" time="0.001"/>
  <testcase name="matches[=, a, aaa, false](4)" classname="objectos.css.select.AttributeValueOperatorTest" time="0.0"/>
  <testcase name="matches[~=, en-us, , false](5)" classname="objectos.css.select.AttributeValueOperatorTest" time="0.0"/>
  <testcase name="matches[~=, en-us, en-us, true](6)" classname="objectos.css.select.AttributeValueOperatorTest" time="0.0"/>
  <testcase name="matches[~=, en-us, en-gb, false](7)" classname="objectos.css.select.AttributeValueOperatorTest" time="0.0"/>
  <testcase name="matches[~=, en-us, en-us en-gb, true](8)" classname="objectos.css.select.AttributeValueOperatorTest" time="0.001"/>
  <testcase name="matches[~=, en-us, en-gb en-us, true](9)" classname="objectos.css.select.AttributeValueOperatorTest" time="0.0"/>
  <testcase name="matches[~=, en-us, en-gb en-us, true](10)" classname="objectos.css.select.AttributeValueOperatorTest" time="0.0"/>
  <testcase name="matches[~=, en-us, en-gb        en-us  en-au, true](11)" classname="objectos.css.select.AttributeValueOperatorTest" time="0.0"/>
  <testcase name="matches[^=, a, a, true](12)" classname="objectos.css.select.AttributeValueOperatorTest" time="0.0"/>
  <testcase name="matches[^=, a, , false](13)" classname="objectos.css.select.AttributeValueOperatorTest" time="0.001"/>
  <testcase name="matches[^=, a, abc, true](14)" classname="objectos.css.select.AttributeValueOperatorTest" time="0.0"/>
  <testcase name="matches[^=, a, xaa, false](15)" classname="objectos.css.select.AttributeValueOperatorTest" time="0.0"/>
  <testcase name="matches[$=, .br, whatever.com.br, true](16)" classname="objectos.css.select.AttributeValueOperatorTest" time="0.0"/>
  <testcase name="matches[$=, .br, whatever.com.ar, false](17)" classname="objectos.css.select.AttributeValueOperatorTest" time="0.0"/>
  <testcase name="matches[$=, .br, , false](18)" classname="objectos.css.select.AttributeValueOperatorTest" time="0.001"/>
  <testcase name="matches[$=, .br, br.com, false](19)" classname="objectos.css.select.AttributeValueOperatorTest" time="0.001"/>
  <testcase name="matches[*=, example, www.example.com, true](20)" classname="objectos.css.select.AttributeValueOperatorTest" time="0.0"/>
  <testcase name="matches[*=, example, example.com, true](21)" classname="objectos.css.select.AttributeValueOperatorTest" time="0.0"/>
  <testcase name="matches[*=, example, example, true](22)" classname="objectos.css.select.AttributeValueOperatorTest" time="0.001"/>
  <testcase name="matches[*=, example, www.example, true](23)" classname="objectos.css.select.AttributeValueOperatorTest" time="0.0"/>
  <testcase name="matches[*=, example, ex, false](24)" classname="objectos.css.select.AttributeValueOperatorTest" time="0.0"/>
  <testcase name="matches[|=, en, , false](25)" classname="objectos.css.select.AttributeValueOperatorTest" time="0.0"/>
  <testcase name="matches[|=, en, en-us, true](26)" classname="objectos.css.select.AttributeValueOperatorTest" time="0.001"/>
  <testcase name="matches[|=, en, en-gb, true](27)" classname="objectos.css.select.AttributeValueOperatorTest" time="0.0"/>
  <testcase name="matches[|=, en, pt-br, false](28)" classname="objectos.css.select.AttributeValueOperatorTest" time="0.0"/>
  <testcase name="matches" classname="objectos.css.select.AttributeSelectorTest" time="0.001"/>
  <testcase name="matches_EQUALS" classname="objectos.css.select.AttributeSelectorTest" time="0.0"/>
  <testcase name="toStringTest" classname="objectos.css.select.AttributeSelectorTest" time="0.001"/>
  <testcase name="toStringTest_withValue" classname="objectos.css.select.AttributeSelectorTest" time="0.001"/>
  <testcase name="toStringTest" classname="objectos.css.select.AdjacentSiblingSelectorTest" time="0.001"/>
  <testcase name="matches" classname="objectos.css.select.TypeSelectorTest" time="0.0"/>
  <testcase name="toStringTest" classname="objectos.css.select.TypeSelectorTest" time="0.001"/>
  <testcase name="matches" classname="objectos.css.select.ChildSelectorTest" time="0.001"/>
  <testcase name="toStringTest" classname="objectos.css.select.ChildSelectorTest" time="0.001"/>
  <testcase name="matches" classname="objectos.css.select.ClassSelectorTest" time="0.0"/>
  <testcase name="toStringTest" classname="objectos.css.select.ClassSelectorTest" time="0.001"/>
  <testcase name="toStringTest" classname="objectos.css.select.PseudoClassSelectorTest" time="0.0"/>
  <testcase name="builder" classname="objectos.css.select.UniversalSelectorTest" time="0.001"/>
  <testcase name="toStringTest" classname="objectos.css.select.UniversalSelectorTest" time="0.0"/>
  <testcase name="testCase01" classname="objectos.css.internal.CssCompiler01Test" time="0.008"/>
  <testcase name="testCase02" classname="objectos.css.internal.CssCompiler01Test" time="0.005"/>
  <testcase name="testCase04" classname="objectos.css.internal.CssCompiler01Test" time="0.001"/>
  <testcase name="testCase05" classname="objectos.css.internal.CssCompiler01Test" time="0.0"/>
  <testcase name="testCase06" classname="objectos.css.internal.CssCompiler01Test" time="0.001"/>
  <testcase name="testCase07" classname="objectos.css.internal.CssCompiler01Test" time="0.001"/>
  <testcase name="testCase08" classname="objectos.css.internal.CssCompiler01Test" time="0.0"/>
  <testcase name="testCase09" classname="objectos.css.internal.CssCompiler01Test" time="0.001"/>
  <testcase name="testCase10" classname="objectos.css.internal.CssCompiler01Test" time="0.0"/>
  <testcase name="testCase11" classname="objectos.css.internal.CssCompiler01Test" time="0.0"/>
  <testcase name="testCase12" classname="objectos.css.internal.CssCompiler01Test" time="0.001"/>
  <testcase name="testCase13" classname="objectos.css.internal.CssCompiler01Test" time="0.001"/>
  <testcase name="testCase14" classname="objectos.css.internal.CssCompiler01Test" time="0.001"/>
  <testcase name="testCase15" classname="objectos.css.internal.CssCompiler01Test" time="0.001"/>
  <testcase name="testCase16" classname="objectos.css.internal.CssCompiler01Test" time="0.004"/>
  <testcase name="testCase17" classname="objectos.css.internal.CssCompiler01Test" time="0.0"/>
  <testcase name="testCase18" classname="objectos.css.internal.CssCompiler01Test" time="0.001"/>
  <testcase name="testCase19" classname="objectos.css.internal.CssCompiler01Test" time="0.0"/>
  <testcase name="testCase20" classname="objectos.css.internal.CssCompiler01Test" time="0.001"/>
  <testcase name="testCase21" classname="objectos.css.internal.CssCompiler01Test" time="0.0"/>
  <testcase name="testCase22" classname="objectos.css.internal.CssCompiler01Test" time="0.0"/>
  <testcase name="testCase01" classname="objectos.css.internal.CssCompiler02Test" time="0.001"/>
  <testcase name="testCase02" classname="objectos.css.internal.CssCompiler02Test" time="0.001"/>
  <testcase name="testCase03" classname="objectos.css.internal.CssCompiler02Test" time="0.001"/>
  <testcase name="testCase04" classname="objectos.css.internal.CssCompiler02Test" time="0.001"/>
  <testcase name="testCase06" classname="objectos.css.internal.CssCompiler02Test" time="0.001"/>
  <testcase name="testCase07" classname="objectos.css.internal.CssCompiler02Test" time="0.0"/>
  <testcase name="testCase08" classname="objectos.css.internal.CssCompiler02Test" time="0.0"/>
  <testcase name="testCase09" classname="objectos.css.internal.CssCompiler02Test" time="0.0"/>
  <testcase name="testCase10" classname="objectos.css.internal.CssCompiler02Test" time="0.001"/>
  <testcase name="testCase11" classname="objectos.css.internal.CssCompiler02Test" time="0.001"/>
  <testcase name="testCase12" classname="objectos.css.internal.CssCompiler02Test" time="0.0"/>
  <testcase name="testCase13" classname="objectos.css.internal.CssCompiler02Test" time="0.0"/>
  <testcase name="testCase14" classname="objectos.css.internal.CssCompiler02Test" time="0.001"/>
  <testcase name="testCase15" classname="objectos.css.internal.CssCompiler02Test" time="0.001"/>
  <testcase name="testCase17" classname="objectos.css.internal.CssCompiler02Test" time="0.001"/>
  <testcase name="testCase18" classname="objectos.css.internal.CssCompiler02Test" time="0.001"/>
  <testcase name="testCase19" classname="objectos.css.internal.CssCompiler02Test" time="0.0"/>
  <testcase name="testCase21" classname="objectos.css.internal.CssCompiler02Test" time="0.0"/>
  <testcase name="testCase22" classname="objectos.css.internal.CssCompiler02Test" time="0.0"/>
  <testcase name="setSeed" classname="objectos.css.internal.RandomStringGeneratorTest" time="0.002"/>
  <testcase name="standardName" classname="objectos.css.internal.BytesTest" time="0.001"/>
  <testcase name="varInt" classname="objectos.css.internal.BytesTest" time="0.001"/>
  <testcase name="varIntLimit" classname="objectos.css.internal.StandardTypeSelectorTest" time="0.001"/>
  <testcase name="getMinifiedHexString" classname="objectos.css.type.ColorHexTest" time="0.0"/>
  <testcase name="of" classname="objectos.css.type.ColorHexTest" time="0.001"/>
  <testcase name="hex" classname="objectos.css.type.ColorTest" time="0.001"/>
  <testcase name="rgbAboveMaxAndBelowMin" classname="objectos.css.type.ColorTest" time="0.001"/>
  <testcase name="nextClassSelector" classname="objectos.css.util.ClassSelectorTest" time="0.0"/>
  <testcase name="toStringTest" classname="objectos.css.util.ClassSelectorTest" time="0.0"/>
  <testcase name="ofHex" classname="objectos.css.util.ColorTest" time="0.001"/>
  <testcase name="namesInvalid[](1)" classname="objectos.css.util.CustomPropertyTest" time="0.002"/>
  <testcase name="namesInvalid[foo?](2)" classname="objectos.css.util.CustomPropertyTest" time="0.0"/>
  <testcase name="namesInvalid[fo.o](3)" classname="objectos.css.util.CustomPropertyTest" time="0.001"/>
  <testcase name="names_valid" classname="objectos.css.util.CustomPropertyTest" time="0.0"/>
  <testcase name="test" classname="objectos.css.util.NextTest" time="0.018"/>
  <testcase name="customProperty01" classname="objectos.css.CssTemplateTest" time="0.002"/>
  <testcase name="customProperty02" classname="objectos.css.CssTemplateTest" time="0.001"/>
  <testcase name="customProperty03" classname="objectos.css.CssTemplateTest" time="0.001"/>
  <testcase name="length" classname="objectos.css.CssTemplateTest" time="0.001"/>
  <testcase name="media01" classname="objectos.css.CssTemplateTest" time="0.0"/>
  <testcase name="media02" classname="objectos.css.CssTemplateTest" time="0.0"/>
  <testcase name="percentage" classname="objectos.css.CssTemplateTest" time="0.001"/>
  <testcase name="propertyAppearance" classname="objectos.css.CssTemplateTest" time="0.002"/>
  <testcase name="propertyBackgroundImage" classname="objectos.css.CssTemplateTest" time="0.001"/>
  <testcase name="propertyBorderCollapse" classname="objectos.css.CssTemplateTest" time="0.001"/>
  <testcase name="propertyBorderColor" classname="objectos.css.CssTemplateTest" time="0.0"/>
  <testcase name="propertyBorderSideWidth" classname="objectos.css.CssTemplateTest" time="0.001"/>
  <testcase name="propertyBorderStyle" classname="objectos.css.CssTemplateTest" time="0.001"/>
  <testcase name="propertyBorderWidth" classname="objectos.css.CssTemplateTest" time="0.001"/>
  <testcase name="propertyBottom" classname="objectos.css.CssTemplateTest" time="0.001"/>
  <testcase name="propertyBoxShadow" classname="objectos.css.CssTemplateTest" time="0.002"/>
  <testcase name="propertyBoxSizing" classname="objectos.css.CssTemplateTest" time="0.001"/>
  <testcase name="propertyColor" classname="objectos.css.CssTemplateTest" time="0.001"/>
  <testcase name="propertyCursor" classname="objectos.css.CssTemplateTest" time="0.001"/>
  <testcase name="propertyDisplay" classname="objectos.css.CssTemplateTest" time="0.001"/>
  <testcase name="propertyFilter" classname="objectos.css.CssTemplateTest" time="0.001"/>
  <testcase name="propertyFlexDirection" classname="objectos.css.CssTemplateTest" time="0.001"/>
  <testcase name="propertyFont" classname="objectos.css.CssTemplateTest" time="0.001"/>
  <testcase name="propertyFontFamily" classname="objectos.css.CssTemplateTest" time="0.001"/>
  <testcase name="propertyFontFeatureSettings" classname="objectos.css.CssTemplateTest" time="0.001"/>
  <testcase name="propertyFontSize" classname="objectos.css.CssTemplateTest" time="0.001"/>
  <testcase name="propertyFontVariationSettings" classname="objectos.css.CssTemplateTest" time="0.001"/>
  <testcase name="propertyFontWeight" classname="objectos.css.CssTemplateTest" time="0.001"/>
  <testcase name="propertyGridColumn" classname="objectos.css.CssTemplateTest" time="0.001"/>
  <testcase name="propertyGridTemplateColumns" classname="objectos.css.CssTemplateTest" time="0.0"/>
  <testcase name="propertyHeight" classname="objectos.css.CssTemplateTest" time="0.001"/>
  <testcase name="propertyJustifyContent" classname="objectos.css.CssTemplateTest" time="0.0"/>
  <testcase name="propertyLineHeight" classname="objectos.css.CssTemplateTest" time="0.001"/>
  <testcase name="propertyListStyle" classname="objectos.css.CssTemplateTest" time="0.001"/>
  <testcase name="propertyListStyleImage" classname="objectos.css.CssTemplateTest" time="0.001"/>
  <testcase name="propertyListStylePosition" classname="objectos.css.CssTemplateTest" time="0.001"/>
  <testcase name="propertyListStyleType" classname="objectos.css.CssTemplateTest" time="0.0"/>
  <testcase name="propertyMargin" classname="objectos.css.CssTemplateTest" time="0.001"/>
  <testcase name="propertyMaxWidth" classname="objectos.css.CssTemplateTest" time="0.001"/>
  <testcase name="propertyMinHeight" classname="objectos.css.CssTemplateTest" time="0.001"/>
  <testcase name="propertyMinWidth" classname="objectos.css.CssTemplateTest" time="0.001"/>
  <testcase name="propertyOpacity" classname="objectos.css.CssTemplateTest" time="0.0"/>
  <testcase name="propertyOutline" classname="objectos.css.CssTemplateTest" time="0.001"/>
  <testcase name="propertyOutlineColor" classname="objectos.css.CssTemplateTest" time="0.001"/>
  <testcase name="propertyOutlineOffset" classname="objectos.css.CssTemplateTest" time="0.0"/>
  <testcase name="propertyOutlineStyle" classname="objectos.css.CssTemplateTest" time="0.0"/>
  <testcase name="propertyOutlineWidth" classname="objectos.css.CssTemplateTest" time="0.0"/>
  <testcase name="propertyPadding" classname="objectos.css.CssTemplateTest" time="0.0"/>
  <testcase name="propertyPaddingBlock" classname="objectos.css.CssTemplateTest" time="0.0"/>
  <testcase name="propertyPaddingInline" classname="objectos.css.CssTemplateTest" time="0.001"/>
  <testcase name="propertyPosition" classname="objectos.css.CssTemplateTest" time="0.001"/>
  <testcase name="propertyResize" classname="objectos.css.CssTemplateTest" time="0.0"/>
  <testcase name="propertyTabSize" classname="objectos.css.CssTemplateTest" time="0.001"/>
  <testcase name="propertyTextDecoration" classname="objectos.css.CssTemplateTest" time="0.001"/>
  <testcase name="propertyTextDecorationColor" classname="objectos.css.CssTemplateTest" time="0.0"/>
  <testcase name="propertyTextDecorationLine" classname="objectos.css.CssTemplateTest" time="0.001"/>
  <testcase name="propertyTextDecorationStyle" classname="objectos.css.CssTemplateTest" time="0.0"/>
  <testcase name="propertyTextDecorationThickness" classname="objectos.css.CssTemplateTest" time="0.001"/>
  <testcase name="propertyTextIndent" classname="objectos.css.CssTemplateTest" time="0.001"/>
  <testcase name="propertyTextSizeAdjust" classname="objectos.css.CssTemplateTest" time="0.0"/>
  <testcase name="propertyTextTransform" classname="objectos.css.CssTemplateTest" time="0.001"/>
  <testcase name="propertyTop" classname="objectos.css.CssTemplateTest" time="0.001"/>
  <testcase name="propertyVerticalAlign" classname="objectos.css.CssTemplateTest" time="0.0"/>
  <testcase name="selectorAttribute" classname="objectos.css.CssTemplateTest" time="0.0"/>
  <testcase name="selectorClass" classname="objectos.css.CssTemplateTest" time="0.0"/>
  <testcase name="selectorJoined" classname="objectos.css.CssTemplateTest" time="0.0"/>
  <testcase name="selectorList" classname="objectos.css.CssTemplateTest" time="0.0"/>
  <testcase name="selectorTypes" classname="objectos.css.CssTemplateTest" time="0.0"/>
  <testcase name="selectorUniversal" classname="objectos.css.CssTemplateTest" time="0.001"/>
  <testcase name="test" classname="objectos.css.PreflightTest" time="0.002"/>
</testsuite>